#
# There is insufficient memory for the Java Runtime Environment to continue.
# Native memory allocation (malloc) failed to allocate 916176 bytes for Chunk::new
# Possible reasons:
#   The system is out of physical RAM or swap space
#   The process is running with CompressedOops enabled, and the Java Heap may be blocking the growth of the native heap
# Possible solutions:
#   Reduce memory load on the system
#   Increase physical memory or swap space
#   Check if swap backing store is full
#   Decrease Java heap size (-Xmx/-Xms)
#   Decrease number of Java threads
#   Decrease Java thread stack sizes (-Xss)
#   Set larger code cache with -XX:ReservedCodeCacheSize=
#   JVM is running with Unscaled Compressed Oops mode in which the Java heap is
#     placed in the first 4GB address space. The Java Heap base address is the
#     maximum limit for the native heap growth. Please use -XX:HeapBaseMinAddress
#     to set the Java Heap base and to place the Java Heap above 4GB virtual address.
# This output file may be truncated or incomplete.
#
#  Out of Memory Error (arena.cpp:189), pid=20208, tid=6824
#
# JRE version: Java(TM) SE Runtime Environment (17.0.10+11) (build 17.0.10+11-LTS-240)
# Java VM: Java HotSpot(TM) 64-Bit Server VM (17.0.10+11-LTS-240, mixed mode, sharing, tiered, compressed oops, compressed class ptrs, g1 gc, windows-amd64)
# No core dump will be written. Minidumps are not enabled by default on client versions of Windows
#

---------------  S U M M A R Y ------------

Command Line: -Xmx1g -XX:+IgnoreUnrecognizedVMOptions --add-opens=java.base/java.lang=ALL-UNNAMED --add-opens=java.base/java.lang.invoke=ALL-UNNAMED --add-opens=java.base/java.lang.reflect=ALL-UNNAMED --add-opens=java.base/java.io=ALL-UNNAMED --add-opens=java.base/java.net=ALL-UNNAMED --add-opens=java.base/java.nio=ALL-UNNAMED --add-opens=java.base/java.util=ALL-UNNAMED --add-opens=java.base/java.util.concurrent=ALL-UNNAMED --add-opens=java.base/java.util.concurrent.atomic=ALL-UNNAMED --add-opens=java.base/sun.nio.ch=ALL-UNNAMED --add-opens=java.base/sun.nio.cs=ALL-UNNAMED --add-opens=java.base/sun.security.action=ALL-UNNAMED --add-opens=java.base/sun.util.calendar=ALL-UNNAMED --add-opens=java.security.jgss/sun.security.krb5=ALL-UNNAMED -Djdk.reflect.useDirectMethodHandle=false org.apache.spark.deploy.SparkSubmit --conf spark.app.name=KafkaToMongoDB --packages org.apache.spark:spark-sql-kafka-0-10_2.12:3.4.0,org.mongodb.spark:mongo-spark-connector_2.12:10.2.1 pyspark-shell

Host: 11th Gen Intel(R) Core(TM) i5-11400H @ 2.70GHz, 12 cores, 7G,  Windows 11 , 64 bit Build 22621 (10.0.22621.3085)
Time: Thu Feb 22 13:45:13 2024 India Standard Time elapsed time: 205.059820 seconds (0d 0h 3m 25s)

---------------  T H R E A D  ---------------

Current thread (0x000001928418b720):  JavaThread "C2 CompilerThread0" daemon [_thread_in_native, id=6824, stack(0x000000621e500000,0x000000621e600000)]


Current CompileTask:
C2: 205060 15664       4       org.apache.spark.sql.execution.streaming.ProgressReporter$$Lambda$4250/0x00000192871f1040::apply (24 bytes)

Stack: [0x000000621e500000,0x000000621e600000]
Native frames: (J=compiled Java code, j=interpreted, Vv=VM code, C=native code)
V  [jvm.dll+0x677a5a]
V  [jvm.dll+0x7d8b2d]
V  [jvm.dll+0x7da48e]
V  [jvm.dll+0x7daaf3]
V  [jvm.dll+0x2455ff]
V  [jvm.dll+0xaaafb]
V  [jvm.dll+0xab09c]
V  [jvm.dll+0x361b5f]
V  [jvm.dll+0x32c211]
V  [jvm.dll+0x32b6aa]
V  [jvm.dll+0x21794f]
V  [jvm.dll+0x216d81]
V  [jvm.dll+0x1a3410]
V  [jvm.dll+0x226aeb]
V  [jvm.dll+0x224cab]
V  [jvm.dll+0x78e45c]
V  [jvm.dll+0x78888a]
V  [jvm.dll+0x676935]
C  [ucrtbase.dll+0x29363]
C  [KERNEL32.DLL+0x1257d]
C  [ntdll.dll+0x5aa58]


---------------  P R O C E S S  ---------------

Threads class SMR info:
_java_thread_list=0x00000192d464c8a0, length=78, elements={
0x00000192e7fbe2e0, 0x0000019284172570, 0x0000019284173f40, 0x0000019284184c20,
0x00000192841855e0, 0x0000019284185fa0, 0x0000019284188970, 0x000001928418b720,
0x0000019284195e00, 0x000001928419fd40, 0x000001928454ee10, 0x000001928454f6f0,
0x00000192cc7ee7a0, 0x00000192caef3960, 0x00000192caef4380, 0x00000192caef4890,
0x00000192caef1b00, 0x00000192caef15f0, 0x00000192caef3e70, 0x00000192caef2010,
0x00000192caef2520, 0x00000192caef2a30, 0x0000019284352590, 0x0000019284352fb0,
0x00000192843534c0, 0x00000192843539d0, 0x0000019284353ee0, 0x0000019284352080,
0x0000019284352aa0, 0x0000019284350730, 0x0000019284350c40, 0x0000019284351150,
0x0000019284351660, 0x0000019284351b70, 0x00000192ca3f4250, 0x00000192ca3f2e10,
0x00000192ca3ed800, 0x00000192ca3eec40, 0x00000192ca3f23f0, 0x00000192ca3f3d40,
0x00000192ca3f1ee0, 0x00000192ca3f14c0, 0x00000192ca3f0aa0, 0x00000192ca3f2900,
0x00000192ca3f4760, 0x00000192ca3f3320, 0x00000192ca3f3830, 0x00000192ca3f0fb0,
0x00000192ca3f0080, 0x00000192ca3ed2f0, 0x00000192ca3edd10, 0x00000192ca3ee730,
0x00000192ca3ef150, 0x00000192ca3f0590, 0x0000019284438090, 0x0000019284439ef0,
0x00000192844385a0, 0x0000019284438ab0, 0x000001928443ae20, 0x0000019284438fc0,
0x00000192844343d0, 0x0000019284434df0, 0x0000019284435810, 0x000001928443a400,
0x00000192844394d0, 0x000001928443a910, 0x00000192ce5c79a0, 0x00000192ce5c5b40,
0x00000192ce5c7eb0, 0x00000192ce5c4c10, 0x00000192d4735120, 0x00000192ccd0cdd0,
0x00000192d4205560, 0x00000192d4430860, 0x00000192d4900870, 0x00000192d4901290,
0x00000192cee5a6a0, 0x00000192ccd0d7f0
}

Java Threads: ( => current thread )
  0x00000192e7fbe2e0 JavaThread "main" [_thread_in_native, id=27552, stack(0x000000621d800000,0x000000621d900000)]
  0x0000019284172570 JavaThread "Reference Handler" daemon [_thread_blocked, id=29324, stack(0x000000621df00000,0x000000621e000000)]
  0x0000019284173f40 JavaThread "Finalizer" daemon [_thread_blocked, id=20464, stack(0x000000621e000000,0x000000621e100000)]
  0x0000019284184c20 JavaThread "Signal Dispatcher" daemon [_thread_blocked, id=4532, stack(0x000000621e100000,0x000000621e200000)]
  0x00000192841855e0 JavaThread "Attach Listener" daemon [_thread_blocked, id=25380, stack(0x000000621e200000,0x000000621e300000)]
  0x0000019284185fa0 JavaThread "Service Thread" daemon [_thread_blocked, id=28148, stack(0x000000621e300000,0x000000621e400000)]
  0x0000019284188970 JavaThread "Monitor Deflation Thread" daemon [_thread_blocked, id=14152, stack(0x000000621e400000,0x000000621e500000)]
=>0x000001928418b720 JavaThread "C2 CompilerThread0" daemon [_thread_in_native, id=6824, stack(0x000000621e500000,0x000000621e600000)]
  0x0000019284195e00 JavaThread "C1 CompilerThread0" daemon [_thread_blocked, id=12160, stack(0x000000621e600000,0x000000621e700000)]
  0x000001928419fd40 JavaThread "Sweeper thread" daemon [_thread_blocked, id=2036, stack(0x000000621e700000,0x000000621e800000)]
  0x000001928454ee10 JavaThread "Common-Cleaner" daemon [_thread_blocked, id=10628, stack(0x000000621e800000,0x000000621e900000)]
  0x000001928454f6f0 JavaThread "Notification Thread" daemon [_thread_blocked, id=2176, stack(0x000000621e900000,0x000000621ea00000)]
  0x00000192cc7ee7a0 JavaThread "org.apache.hadoop.fs.FileSystem$Statistics$StatisticsDataReferenceCleaner" daemon [_thread_blocked, id=3312, stack(0x000000621f900000,0x000000621fa00000)]
  0x00000192caef3960 JavaThread "Thread-2" [_thread_in_native, id=1688, stack(0x000000621fa00000,0x000000621fb00000)]
  0x00000192caef4380 JavaThread "Thread-3" [_thread_blocked, id=21896, stack(0x000000621fb00000,0x000000621fc00000)]
  0x00000192caef4890 JavaThread "rpc-boss-3-1" daemon [_thread_in_native, id=27668, stack(0x000000621f800000,0x000000621f900000)]
  0x00000192caef1b00 JavaThread "dispatcher-event-loop-0" daemon [_thread_blocked, id=18800, stack(0x000000621fc00000,0x000000621fd00000)]
  0x00000192caef15f0 JavaThread "dispatcher-event-loop-1" daemon [_thread_blocked, id=27264, stack(0x000000621fd00000,0x000000621fe00000)]
  0x00000192caef3e70 JavaThread "dispatcher-event-loop-2" daemon [_thread_blocked, id=6188, stack(0x000000621fe00000,0x000000621ff00000)]
  0x00000192caef2010 JavaThread "dispatcher-event-loop-3" daemon [_thread_blocked, id=18240, stack(0x000000621ff00000,0x0000006220000000)]
  0x00000192caef2520 JavaThread "dispatcher-event-loop-4" daemon [_thread_blocked, id=2328, stack(0x0000006220000000,0x0000006220100000)]
  0x00000192caef2a30 JavaThread "dispatcher-event-loop-5" daemon [_thread_blocked, id=1348, stack(0x0000006220100000,0x0000006220200000)]
  0x0000019284352590 JavaThread "dispatcher-event-loop-6" daemon [_thread_blocked, id=22620, stack(0x0000006220200000,0x0000006220300000)]
  0x0000019284352fb0 JavaThread "dispatcher-event-loop-7" daemon [_thread_blocked, id=25608, stack(0x0000006220300000,0x0000006220400000)]
  0x00000192843534c0 JavaThread "dispatcher-event-loop-8" daemon [_thread_blocked, id=8904, stack(0x0000006220400000,0x0000006220500000)]
  0x00000192843539d0 JavaThread "dispatcher-event-loop-9" daemon [_thread_blocked, id=29068, stack(0x0000006220500000,0x0000006220600000)]
  0x0000019284353ee0 JavaThread "dispatcher-event-loop-10" daemon [_thread_blocked, id=29200, stack(0x0000006220600000,0x0000006220700000)]
  0x0000019284352080 JavaThread "dispatcher-event-loop-11" daemon [_thread_blocked, id=2696, stack(0x0000006220700000,0x0000006220800000)]
  0x0000019284352aa0 JavaThread "map-output-dispatcher-0" daemon [_thread_blocked, id=9008, stack(0x0000006220800000,0x0000006220900000)]
  0x0000019284350730 JavaThread "map-output-dispatcher-1" daemon [_thread_blocked, id=16152, stack(0x0000006220900000,0x0000006220a00000)]
  0x0000019284350c40 JavaThread "map-output-dispatcher-2" daemon [_thread_blocked, id=15988, stack(0x0000006220a00000,0x0000006220b00000)]
  0x0000019284351150 JavaThread "map-output-dispatcher-3" daemon [_thread_blocked, id=28724, stack(0x0000006220b00000,0x0000006220c00000)]
  0x0000019284351660 JavaThread "map-output-dispatcher-4" daemon [_thread_blocked, id=28948, stack(0x0000006220c00000,0x0000006220d00000)]
  0x0000019284351b70 JavaThread "map-output-dispatcher-5" daemon [_thread_blocked, id=29088, stack(0x0000006220d00000,0x0000006220e00000)]
  0x00000192ca3f4250 JavaThread "map-output-dispatcher-6" daemon [_thread_blocked, id=8040, stack(0x0000006220e00000,0x0000006220f00000)]
  0x00000192ca3f2e10 JavaThread "map-output-dispatcher-7" daemon [_thread_blocked, id=10088, stack(0x0000006220f00000,0x0000006221000000)]
  0x00000192ca3ed800 JavaThread "dispatcher-BlockManagerMaster" daemon [_thread_blocked, id=21924, stack(0x0000006221000000,0x0000006221100000)]
  0x00000192ca3eec40 JavaThread "dispatcher-BlockManagerEndpoint1" daemon [_thread_blocked, id=26660, stack(0x000000621f700000,0x000000621f800000)]
  0x00000192ca3f23f0 JavaThread "RemoteBlock-temp-file-clean-thread" daemon [_thread_blocked, id=3668, stack(0x0000006221100000,0x0000006221200000)]
  0x00000192ca3f3d40 JavaThread "refresh progress" daemon [_thread_blocked, id=19044, stack(0x0000006221200000,0x0000006221300000)]
  0x00000192ca3f1ee0 JavaThread "SparkUI-49" daemon [_thread_in_native, id=25544, stack(0x0000006221300000,0x0000006221400000)]
  0x00000192ca3f14c0 JavaThread "SparkUI-50" daemon [_thread_in_native, id=11900, stack(0x0000006221400000,0x0000006221500000)]
  0x00000192ca3f0aa0 JavaThread "SparkUI-51" daemon [_thread_in_native, id=13136, stack(0x0000006221500000,0x0000006221600000)]
  0x00000192ca3f2900 JavaThread "SparkUI-52" daemon [_thread_in_native, id=28848, stack(0x0000006221600000,0x0000006221700000)]
  0x00000192ca3f4760 JavaThread "SparkUI-53" daemon [_thread_in_native, id=13840, stack(0x0000006221700000,0x0000006221800000)]
  0x00000192ca3f3320 JavaThread "SparkUI-54-acceptor-0@6e1e2217-ServerConnector@60d9c1a4{HTTP/1.1, (http/1.1)}{0.0.0.0:4040}" daemon [_thread_in_native, id=18728, stack(0x0000006221800000,0x0000006221900000)]
  0x00000192ca3f3830 JavaThread "SparkUI-55" daemon [_thread_in_native, id=23484, stack(0x0000006221900000,0x0000006221a00000)]
  0x00000192ca3f0fb0 JavaThread "SparkUI-56" daemon [_thread_blocked, id=24568, stack(0x0000006221a00000,0x0000006221b00000)]
  0x00000192ca3f0080 JavaThread "Thread-17" [_thread_in_native, id=16856, stack(0x0000006221b00000,0x0000006221c00000)]
  0x00000192ca3ed2f0 JavaThread "dispatcher-HeartbeatReceiver" daemon [_thread_blocked, id=1520, stack(0x0000006221c00000,0x0000006221d00000)]
  0x00000192ca3edd10 JavaThread "heartbeat-receiver-event-loop-thread" daemon [_thread_blocked, id=29020, stack(0x0000006221d00000,0x0000006221e00000)]
  0x00000192ca3ee730 JavaThread "netty-rpc-env-timeout" daemon [_thread_blocked, id=3340, stack(0x0000006221e00000,0x0000006221f00000)]
  0x00000192ca3ef150 JavaThread "task-starvation-timer" daemon [_thread_blocked, id=25988, stack(0x0000006221f00000,0x0000006222000000)]
  0x00000192ca3f0590 JavaThread "task-abort-timer" daemon [_thread_blocked, id=28320, stack(0x0000006222000000,0x0000006222100000)]
  0x0000019284438090 JavaThread "dag-scheduler-event-loop" daemon [_thread_blocked, id=27088, stack(0x0000006222100000,0x0000006222200000)]
  0x0000019284439ef0 JavaThread "driver-heartbeater" daemon [_thread_blocked, id=2672, stack(0x0000006222200000,0x0000006222300000)]
  0x00000192844385a0 JavaThread "executor-kill-mark-cleanup" daemon [_thread_blocked, id=14324, stack(0x0000006222300000,0x0000006222400000)]
  0x0000019284438ab0 JavaThread "executor-heartbeater" daemon [_thread_blocked, id=10828, stack(0x0000006222400000,0x0000006222500000)]
  0x000001928443ae20 JavaThread "files-client-5-1" daemon [_thread_in_native, id=3332, stack(0x0000006222500000,0x0000006222600000)]
  0x0000019284438fc0 JavaThread "rpc-server-4-1" daemon [_thread_in_native, id=28780, stack(0x0000006222700000,0x0000006222800000)]
  0x00000192844343d0 JavaThread "shuffle-boss-7-1" daemon [_thread_in_native, id=6872, stack(0x0000006222800000,0x0000006222900000)]
  0x0000019284434df0 JavaThread "Spark Context Cleaner" daemon [_thread_blocked, id=28768, stack(0x0000006222900000,0x0000006222a00000)]
  0x0000019284435810 JavaThread "context-cleaner-periodic-gc" daemon [_thread_blocked, id=2988, stack(0x0000006222a00000,0x0000006222b00000)]
  0x000001928443a400 JavaThread "spark-listener-group-appStatus" daemon [_thread_blocked, id=20780, stack(0x0000006222b00000,0x0000006222c00000)]
  0x00000192844394d0 JavaThread "spark-listener-group-executorManagement" daemon [_thread_blocked, id=15928, stack(0x0000006222c00000,0x0000006222d00000)]
  0x000001928443a910 JavaThread "element-tracking-store-worker" daemon [_thread_blocked, id=19100, stack(0x0000006222e00000,0x0000006222f00000)]
  0x00000192ce5c79a0 JavaThread "spark-listener-group-streams" daemon [_thread_blocked, id=24944, stack(0x0000006222d00000,0x0000006222e00000)]
  0x00000192ce5c5b40 JavaThread "stream execution thread for [id = 150efd92-9872-4636-b728-fe96db03279b, runId = 94a2104b-49fa-4f72-b1b5-a190a6a2caca]" daemon [_thread_blocked, id=29340, stack(0x000000621eb00000,0x000000621ec00000)]
  0x00000192ce5c7eb0 JavaThread "kafka-admin-client-thread | adminclient-1" daemon [_thread_in_native, id=18648, stack(0x0000006222f00000,0x0000006223000000)]
  0x00000192ce5c4c10 JavaThread "async-log-purge" daemon [_thread_blocked, id=26480, stack(0x0000006223000000,0x0000006223100000)]
  0x00000192d4735120 JavaThread "commons-pool-evictor" daemon [_thread_blocked, id=24748, stack(0x0000006223400000,0x0000006223500000)]
  0x00000192ccd0cdd0 JavaThread "kafka-fetched-data-cache-evictor" daemon [_thread_blocked, id=7616, stack(0x0000006223500000,0x0000006223600000)]
  0x00000192d4205560 JavaThread "BufferPoolPruner-1-thread-1" daemon [_thread_blocked, id=28560, stack(0x0000006223700000,0x0000006223800000)]
  0x00000192d4430860 JavaThread "task-result-getter-0" daemon [_thread_blocked, id=8928, stack(0x0000006224100000,0x0000006224200000)]
  0x00000192d4900870 JavaThread "task-result-getter-1" daemon [_thread_blocked, id=21976, stack(0x0000006224200000,0x0000006224300000)]
  0x00000192d4901290 JavaThread "task-result-getter-2" daemon [_thread_blocked, id=22116, stack(0x0000006224300000,0x0000006224400000)]
  0x00000192cee5a6a0 JavaThread "task-result-getter-3" daemon [_thread_blocked, id=1740, stack(0x0000006223a00000,0x0000006223b00000)]
  0x00000192ccd0d7f0 JavaThread "Executor task launch worker for task 0.0 in stage 3.0 (TID 5)" daemon [_thread_blocked, id=11524, stack(0x000000621d500000,0x000000621d600000)]

Other Threads:
  0x000001928416ebd0 VMThread "VM Thread" [stack: 0x000000621de00000,0x000000621df00000] [id=28792]
  0x0000019284553be0 WatcherThread [stack: 0x000000621ea00000,0x000000621eb00000] [id=29092]
  0x00000192e7ffa520 GCTaskThread "GC Thread#0" [stack: 0x000000621d900000,0x000000621da00000] [id=20516]
  0x00000192ca5ff9d0 GCTaskThread "GC Thread#1" [stack: 0x000000621ed00000,0x000000621ee00000] [id=22448]
  0x00000192ca5ff190 GCTaskThread "GC Thread#2" [stack: 0x000000621ee00000,0x000000621ef00000] [id=24648]
  0x00000192ca5ffc90 GCTaskThread "GC Thread#3" [stack: 0x000000621ec00000,0x000000621ed00000] [id=17544]
  0x00000192ca5ff450 GCTaskThread "GC Thread#4" [stack: 0x000000621ef00000,0x000000621f000000] [id=2460]
  0x00000192ca5ff710 GCTaskThread "GC Thread#5" [stack: 0x000000621f000000,0x000000621f100000] [id=3080]
  0x00000192ca6004d0 GCTaskThread "GC Thread#6" [stack: 0x000000621f100000,0x000000621f200000] [id=24104]
  0x00000192ca600790 GCTaskThread "GC Thread#7" [stack: 0x000000621f200000,0x000000621f300000] [id=29656]
  0x00000192cae74050 GCTaskThread "GC Thread#8" [stack: 0x000000621f300000,0x000000621f400000] [id=15464]
  0x00000192cae70690 GCTaskThread "GC Thread#9" [stack: 0x000000621f400000,0x000000621f500000] [id=16352]
  0x00000192e8003470 ConcurrentGCThread "G1 Main Marker" [stack: 0x000000621da00000,0x000000621db00000] [id=3000]
  0x00000192e8004e90 ConcurrentGCThread "G1 Conc#0" [stack: 0x000000621db00000,0x000000621dc00000] [id=23692]
  0x00000192cae74310 ConcurrentGCThread "G1 Conc#1" [stack: 0x000000621f500000,0x000000621f600000] [id=20948]
  0x00000192cae72fd0 ConcurrentGCThread "G1 Conc#2" [stack: 0x000000621f600000,0x000000621f700000] [id=27020]
  0x00000192840220b0 ConcurrentGCThread "G1 Refine#0" [stack: 0x000000621dc00000,0x000000621dd00000] [id=9080]
  0x00000192840229e0 ConcurrentGCThread "G1 Service" [stack: 0x000000621dd00000,0x000000621de00000] [id=19836]

Threads with active compile tasks:
C2 CompilerThread0   205112 15664       4       org.apache.spark.sql.execution.streaming.ProgressReporter$$Lambda$4250/0x00000192871f1040::apply (24 bytes)

VM state: not at safepoint (normal execution)

VM Mutex/Monitor currently owned by a thread: None

Heap address: 0x00000000c0000000, size: 1024 MB, Compressed Oops mode: 32-bit

CDS archive(s) mapped at: [0x0000019285000000-0x0000019285bd0000-0x0000019285bd0000), size 12386304, SharedBaseAddress: 0x0000019285000000, ArchiveRelocationMode: 1.
Compressed class space mapped at: 0x0000019286000000-0x00000192c6000000, reserved size: 1073741824
Narrow klass base: 0x0000019285000000, Narrow klass shift: 0, Narrow klass range: 0x100000000

GC Precious Log:
 CPUs: 12 total, 12 available
 Memory: 7929M
 Large Page Support: Disabled
 NUMA Support: Disabled
 Compressed Oops: Enabled (32-bit)
 Heap Region Size: 1M
 Heap Min Capacity: 8M
 Heap Initial Capacity: 124M
 Heap Max Capacity: 1G
 Pre-touch: Disabled
 Parallel Workers: 10
 Concurrent Workers: 3
 Concurrent Refinement Workers: 10
 Periodic GC: Disabled

Heap:
 garbage-first heap   total 202752K, used 93296K [0x00000000c0000000, 0x0000000100000000)
  region size 1024K, 24 young (24576K), 8 survivors (8192K)
 Metaspace       used 136447K, committed 137536K, reserved 1179648K
  class space    used 17847K, committed 18368K, reserved 1048576K

Heap Regions: E=young(eden), S=young(survivor), O=old, HS=humongous(starts), HC=humongous(continues), CS=collection set, F=free, OA=open archive, CA=closed archive, TAMS=top-at-mark-start (previous, next)
|   0|0x00000000c0000000, 0x00000000c0100000, 0x00000000c0100000|100%|HS|  |TAMS 0x00000000c0100000, 0x00000000c0100000| Complete 
|   1|0x00000000c0100000, 0x00000000c0200000, 0x00000000c0200000|100%|HS|  |TAMS 0x00000000c0200000, 0x00000000c0200000| Complete 
|   2|0x00000000c0200000, 0x00000000c0300000, 0x00000000c0300000|100%|HC|  |TAMS 0x00000000c0300000, 0x00000000c0300000| Complete 
|   3|0x00000000c0300000, 0x00000000c0400000, 0x00000000c0400000|100%|HS|  |TAMS 0x00000000c0400000, 0x00000000c0400000| Complete 
|   4|0x00000000c0400000, 0x00000000c0500000, 0x00000000c0500000|100%|HC|  |TAMS 0x00000000c0500000, 0x00000000c0500000| Complete 
|   5|0x00000000c0500000, 0x00000000c0600000, 0x00000000c0600000|100%|HC|  |TAMS 0x00000000c0600000, 0x00000000c0600000| Complete 
|   6|0x00000000c0600000, 0x00000000c0700000, 0x00000000c0700000|100%|HS|  |TAMS 0x00000000c0700000, 0x00000000c0700000| Complete 
|   7|0x00000000c0700000, 0x00000000c0800000, 0x00000000c0800000|100%|HS|  |TAMS 0x00000000c0800000, 0x00000000c0800000| Complete 
|   8|0x00000000c0800000, 0x00000000c0900000, 0x00000000c0900000|100%|HS|  |TAMS 0x00000000c0900000, 0x00000000c0900000| Complete 
|   9|0x00000000c0900000, 0x00000000c0a00000, 0x00000000c0a00000|100%|HS|  |TAMS 0x00000000c0a00000, 0x00000000c0a00000| Complete 
|  10|0x00000000c0a00000, 0x00000000c0b00000, 0x00000000c0b00000|100%| O|  |TAMS 0x00000000c0b00000, 0x00000000c0b00000| Untracked 
|  11|0x00000000c0b00000, 0x00000000c0c00000, 0x00000000c0c00000|100%| O|  |TAMS 0x00000000c0c00000, 0x00000000c0c00000| Untracked 
|  12|0x00000000c0c00000, 0x00000000c0d00000, 0x00000000c0d00000|100%| O|  |TAMS 0x00000000c0d00000, 0x00000000c0d00000| Untracked 
|  13|0x00000000c0d00000, 0x00000000c0e00000, 0x00000000c0e00000|100%| O|  |TAMS 0x00000000c0e00000, 0x00000000c0e00000| Untracked 
|  14|0x00000000c0e00000, 0x00000000c0f00000, 0x00000000c0f00000|100%| O|  |TAMS 0x00000000c0f00000, 0x00000000c0f00000| Untracked 
|  15|0x00000000c0f00000, 0x00000000c1000000, 0x00000000c1000000|100%| O|  |TAMS 0x00000000c1000000, 0x00000000c1000000| Untracked 
|  16|0x00000000c1000000, 0x00000000c1100000, 0x00000000c1100000|100%| O|  |TAMS 0x00000000c1100000, 0x00000000c1100000| Untracked 
|  17|0x00000000c1100000, 0x00000000c1200000, 0x00000000c1200000|100%| O|  |TAMS 0x00000000c1200000, 0x00000000c1200000| Untracked 
|  18|0x00000000c1200000, 0x00000000c1300000, 0x00000000c1300000|100%| O|  |TAMS 0x00000000c1300000, 0x00000000c1300000| Untracked 
|  19|0x00000000c1300000, 0x00000000c1400000, 0x00000000c1400000|100%| O|  |TAMS 0x00000000c1400000, 0x00000000c1400000| Untracked 
|  20|0x00000000c1400000, 0x00000000c1500000, 0x00000000c1500000|100%| O|  |TAMS 0x00000000c1500000, 0x00000000c1500000| Untracked 
|  21|0x00000000c1500000, 0x00000000c1600000, 0x00000000c1600000|100%| O|  |TAMS 0x00000000c1600000, 0x00000000c1600000| Untracked 
|  22|0x00000000c1600000, 0x00000000c1700000, 0x00000000c1700000|100%| O|  |TAMS 0x00000000c1600000, 0x00000000c1700000| Untracked 
|  23|0x00000000c1700000, 0x00000000c1800000, 0x00000000c1800000|100%| O|  |TAMS 0x00000000c1800000, 0x00000000c1800000| Untracked 
|  24|0x00000000c1800000, 0x00000000c1900000, 0x00000000c1900000|100%| O|  |TAMS 0x00000000c1900000, 0x00000000c1900000| Untracked 
|  25|0x00000000c1900000, 0x00000000c1a00000, 0x00000000c1a00000|100%| O|  |TAMS 0x00000000c1a00000, 0x00000000c1a00000| Untracked 
|  26|0x00000000c1a00000, 0x00000000c1b00000, 0x00000000c1b00000|100%| O|  |TAMS 0x00000000c1b00000, 0x00000000c1b00000| Untracked 
|  27|0x00000000c1b00000, 0x00000000c1c00000, 0x00000000c1c00000|100%| O|  |TAMS 0x00000000c1c00000, 0x00000000c1c00000| Untracked 
|  28|0x00000000c1c00000, 0x00000000c1d00000, 0x00000000c1d00000|100%| O|  |TAMS 0x00000000c1d00000, 0x00000000c1d00000| Untracked 
|  29|0x00000000c1d00000, 0x00000000c1e00000, 0x00000000c1e00000|100%| O|  |TAMS 0x00000000c1e00000, 0x00000000c1e00000| Untracked 
|  30|0x00000000c1e00000, 0x00000000c1f00000, 0x00000000c1f00000|100%| O|  |TAMS 0x00000000c1f00000, 0x00000000c1f00000| Untracked 
|  31|0x00000000c1f00000, 0x00000000c2000000, 0x00000000c2000000|100%| O|  |TAMS 0x00000000c2000000, 0x00000000c2000000| Untracked 
|  32|0x00000000c2000000, 0x00000000c2100000, 0x00000000c2100000|100%|HS|  |TAMS 0x00000000c2100000, 0x00000000c2100000| Complete 
|  33|0x00000000c2100000, 0x00000000c2200000, 0x00000000c2200000|100%|HC|  |TAMS 0x00000000c2200000, 0x00000000c2200000| Complete 
|  34|0x00000000c2200000, 0x00000000c2300000, 0x00000000c2300000|100%|HC|  |TAMS 0x00000000c2300000, 0x00000000c2300000| Complete 
|  35|0x00000000c2300000, 0x00000000c2400000, 0x00000000c2400000|100%|HS|  |TAMS 0x00000000c2400000, 0x00000000c2400000| Complete 
|  36|0x00000000c2400000, 0x00000000c2500000, 0x00000000c2500000|100%|HC|  |TAMS 0x00000000c2500000, 0x00000000c2500000| Complete 
|  37|0x00000000c2500000, 0x00000000c2600000, 0x00000000c2600000|100%| O|  |TAMS 0x00000000c2600000, 0x00000000c2600000| Untracked 
|  38|0x00000000c2600000, 0x00000000c2700000, 0x00000000c2700000|100%| O|  |TAMS 0x00000000c2700000, 0x00000000c2700000| Untracked 
|  39|0x00000000c2700000, 0x00000000c2800000, 0x00000000c2800000|100%| O|  |TAMS 0x00000000c2800000, 0x00000000c2800000| Untracked 
|  40|0x00000000c2800000, 0x00000000c2900000, 0x00000000c2900000|100%| O|  |TAMS 0x00000000c2900000, 0x00000000c2900000| Untracked 
|  41|0x00000000c2900000, 0x00000000c2a00000, 0x00000000c2a00000|100%| O|  |TAMS 0x00000000c2a00000, 0x00000000c2a00000| Untracked 
|  42|0x00000000c2a00000, 0x00000000c2b00000, 0x00000000c2b00000|100%| O|  |TAMS 0x00000000c2b00000, 0x00000000c2b00000| Untracked 
|  43|0x00000000c2b00000, 0x00000000c2c00000, 0x00000000c2c00000|100%| O|  |TAMS 0x00000000c2c00000, 0x00000000c2c00000| Untracked 
|  44|0x00000000c2c00000, 0x00000000c2d00000, 0x00000000c2d00000|100%| O|  |TAMS 0x00000000c2d00000, 0x00000000c2d00000| Untracked 
|  45|0x00000000c2d00000, 0x00000000c2e00000, 0x00000000c2e00000|100%| O|  |TAMS 0x00000000c2e00000, 0x00000000c2e00000| Untracked 
|  46|0x00000000c2e00000, 0x00000000c2f00000, 0x00000000c2f00000|100%| O|  |TAMS 0x00000000c2f00000, 0x00000000c2f00000| Untracked 
|  47|0x00000000c2f00000, 0x00000000c3000000, 0x00000000c3000000|100%| O|  |TAMS 0x00000000c3000000, 0x00000000c3000000| Untracked 
|  48|0x00000000c3000000, 0x00000000c3100000, 0x00000000c3100000|100%| O|  |TAMS 0x00000000c3100000, 0x00000000c3100000| Untracked 
|  49|0x00000000c3100000, 0x00000000c3200000, 0x00000000c3200000|100%| O|  |TAMS 0x00000000c3200000, 0x00000000c3200000| Untracked 
|  50|0x00000000c3200000, 0x00000000c3300000, 0x00000000c3300000|100%| O|  |TAMS 0x00000000c3300000, 0x00000000c3300000| Untracked 
|  51|0x00000000c3300000, 0x00000000c3400000, 0x00000000c3400000|100%| O|  |TAMS 0x00000000c3400000, 0x00000000c3400000| Untracked 
|  52|0x00000000c3400000, 0x00000000c3500000, 0x00000000c3500000|100%| O|  |TAMS 0x00000000c3500000, 0x00000000c3500000| Untracked 
|  53|0x00000000c3500000, 0x00000000c3600000, 0x00000000c3600000|100%| O|  |TAMS 0x00000000c3600000, 0x00000000c3600000| Untracked 
|  54|0x00000000c3600000, 0x00000000c3700000, 0x00000000c3700000|100%| O|  |TAMS 0x00000000c3700000, 0x00000000c3700000| Untracked 
|  55|0x00000000c3700000, 0x00000000c3800000, 0x00000000c3800000|100%| O|  |TAMS 0x00000000c3800000, 0x00000000c3800000| Untracked 
|  56|0x00000000c3800000, 0x00000000c3900000, 0x00000000c3900000|100%| O|  |TAMS 0x00000000c3900000, 0x00000000c3900000| Untracked 
|  57|0x00000000c3900000, 0x00000000c3a00000, 0x00000000c3a00000|100%| O|  |TAMS 0x00000000c3a00000, 0x00000000c3a00000| Untracked 
|  58|0x00000000c3a00000, 0x00000000c3b00000, 0x00000000c3b00000|100%| O|  |TAMS 0x00000000c3b00000, 0x00000000c3b00000| Untracked 
|  59|0x00000000c3b00000, 0x00000000c3c00000, 0x00000000c3c00000|100%| O|  |TAMS 0x00000000c3c00000, 0x00000000c3c00000| Untracked 
|  60|0x00000000c3c00000, 0x00000000c3d00000, 0x00000000c3d00000|100%| O|  |TAMS 0x00000000c3d00000, 0x00000000c3d00000| Untracked 
|  61|0x00000000c3d00000, 0x00000000c3e00000, 0x00000000c3e00000|100%| O|  |TAMS 0x00000000c3d33600, 0x00000000c3e00000| Untracked 
|  62|0x00000000c3e00000, 0x00000000c3e01800, 0x00000000c3f00000|  0%| O|  |TAMS 0x00000000c3e00000, 0x00000000c3e01800| Untracked 
|  63|0x00000000c3f00000, 0x00000000c4000000, 0x00000000c4000000|100%|HS|  |TAMS 0x00000000c3f00000, 0x00000000c3f00000| Complete 
|  64|0x00000000c4000000, 0x00000000c4100000, 0x00000000c4100000|100%|HC|  |TAMS 0x00000000c4000000, 0x00000000c4000000| Complete 
|  65|0x00000000c4100000, 0x00000000c4100000, 0x00000000c4200000|  0%| F|  |TAMS 0x00000000c4100000, 0x00000000c4100000| Untracked 
|  66|0x00000000c4200000, 0x00000000c4200000, 0x00000000c4300000|  0%| F|  |TAMS 0x00000000c4200000, 0x00000000c4200000| Untracked 
|  67|0x00000000c4300000, 0x00000000c4400000, 0x00000000c4400000|100%|HS|  |TAMS 0x00000000c4300000, 0x00000000c4400000| Complete 
|  68|0x00000000c4400000, 0x00000000c4500000, 0x00000000c4500000|100%|HC|  |TAMS 0x00000000c4400000, 0x00000000c4500000| Complete 
|  69|0x00000000c4500000, 0x00000000c4600000, 0x00000000c4600000|100%|HS|  |TAMS 0x00000000c4500000, 0x00000000c4600000| Complete 
|  70|0x00000000c4600000, 0x00000000c4700000, 0x00000000c4700000|100%|HC|  |TAMS 0x00000000c4600000, 0x00000000c4700000| Complete 
|  71|0x00000000c4700000, 0x00000000c4800000, 0x00000000c4800000|100%|HC|  |TAMS 0x00000000c4700000, 0x00000000c4800000| Complete 
|  72|0x00000000c4800000, 0x00000000c4800000, 0x00000000c4900000|  0%| F|  |TAMS 0x00000000c4800000, 0x00000000c4800000| Untracked 
|  73|0x00000000c4900000, 0x00000000c4900000, 0x00000000c4a00000|  0%| F|  |TAMS 0x00000000c4900000, 0x00000000c4900000| Untracked 
|  74|0x00000000c4a00000, 0x00000000c4a00000, 0x00000000c4b00000|  0%| F|  |TAMS 0x00000000c4a00000, 0x00000000c4a00000| Untracked 
|  75|0x00000000c4b00000, 0x00000000c4b00000, 0x00000000c4c00000|  0%| F|  |TAMS 0x00000000c4b00000, 0x00000000c4b00000| Untracked 
|  76|0x00000000c4c00000, 0x00000000c4c00000, 0x00000000c4d00000|  0%| F|  |TAMS 0x00000000c4c00000, 0x00000000c4c00000| Untracked 
|  77|0x00000000c4d00000, 0x00000000c4d00000, 0x00000000c4e00000|  0%| F|  |TAMS 0x00000000c4d00000, 0x00000000c4d00000| Untracked 
|  78|0x00000000c4e00000, 0x00000000c4e00000, 0x00000000c4f00000|  0%| F|  |TAMS 0x00000000c4e00000, 0x00000000c4e00000| Untracked 
|  79|0x00000000c4f00000, 0x00000000c4f00000, 0x00000000c5000000|  0%| F|  |TAMS 0x00000000c4f00000, 0x00000000c4f00000| Untracked 
|  80|0x00000000c5000000, 0x00000000c5000000, 0x00000000c5100000|  0%| F|  |TAMS 0x00000000c5000000, 0x00000000c5000000| Untracked 
|  81|0x00000000c5100000, 0x00000000c5100000, 0x00000000c5200000|  0%| F|  |TAMS 0x00000000c5100000, 0x00000000c5100000| Untracked 
|  82|0x00000000c5200000, 0x00000000c5200000, 0x00000000c5300000|  0%| F|  |TAMS 0x00000000c5200000, 0x00000000c5200000| Untracked 
|  83|0x00000000c5300000, 0x00000000c5300000, 0x00000000c5400000|  0%| F|  |TAMS 0x00000000c5300000, 0x00000000c5300000| Untracked 
|  84|0x00000000c5400000, 0x00000000c5400000, 0x00000000c5500000|  0%| F|  |TAMS 0x00000000c5400000, 0x00000000c5400000| Untracked 
|  85|0x00000000c5500000, 0x00000000c5500000, 0x00000000c5600000|  0%| F|  |TAMS 0x00000000c5500000, 0x00000000c5500000| Untracked 
|  86|0x00000000c5600000, 0x00000000c5600000, 0x00000000c5700000|  0%| F|  |TAMS 0x00000000c5600000, 0x00000000c5600000| Untracked 
|  87|0x00000000c5700000, 0x00000000c5700000, 0x00000000c5800000|  0%| F|  |TAMS 0x00000000c5700000, 0x00000000c5700000| Untracked 
|  88|0x00000000c5800000, 0x00000000c5800000, 0x00000000c5900000|  0%| F|  |TAMS 0x00000000c5800000, 0x00000000c5800000| Untracked 
|  89|0x00000000c5900000, 0x00000000c5900000, 0x00000000c5a00000|  0%| F|  |TAMS 0x00000000c5900000, 0x00000000c5900000| Untracked 
|  90|0x00000000c5a00000, 0x00000000c5a00000, 0x00000000c5b00000|  0%| F|  |TAMS 0x00000000c5a00000, 0x00000000c5a00000| Untracked 
|  91|0x00000000c5b00000, 0x00000000c5b00000, 0x00000000c5c00000|  0%| F|  |TAMS 0x00000000c5b00000, 0x00000000c5b00000| Untracked 
|  92|0x00000000c5c00000, 0x00000000c5c00000, 0x00000000c5d00000|  0%| F|  |TAMS 0x00000000c5c00000, 0x00000000c5c00000| Untracked 
|  93|0x00000000c5d00000, 0x00000000c5d00000, 0x00000000c5e00000|  0%| F|  |TAMS 0x00000000c5d00000, 0x00000000c5d00000| Untracked 
|  94|0x00000000c5e00000, 0x00000000c5e00000, 0x00000000c5f00000|  0%| F|  |TAMS 0x00000000c5e00000, 0x00000000c5e00000| Untracked 
|  95|0x00000000c5f00000, 0x00000000c5f00000, 0x00000000c6000000|  0%| F|  |TAMS 0x00000000c5f00000, 0x00000000c5f00000| Untracked 
|  96|0x00000000c6000000, 0x00000000c6000000, 0x00000000c6100000|  0%| F|  |TAMS 0x00000000c6000000, 0x00000000c6000000| Untracked 
|  97|0x00000000c6100000, 0x00000000c6100000, 0x00000000c6200000|  0%| F|  |TAMS 0x00000000c6100000, 0x00000000c6100000| Untracked 
|  98|0x00000000c6200000, 0x00000000c6200000, 0x00000000c6300000|  0%| F|  |TAMS 0x00000000c6200000, 0x00000000c6200000| Untracked 
|  99|0x00000000c6300000, 0x00000000c6300000, 0x00000000c6400000|  0%| F|  |TAMS 0x00000000c6300000, 0x00000000c6300000| Untracked 
| 100|0x00000000c6400000, 0x00000000c6400000, 0x00000000c6500000|  0%| F|  |TAMS 0x00000000c6400000, 0x00000000c6400000| Untracked 
| 101|0x00000000c6500000, 0x00000000c6500000, 0x00000000c6600000|  0%| F|  |TAMS 0x00000000c6500000, 0x00000000c6500000| Untracked 
| 102|0x00000000c6600000, 0x00000000c6600000, 0x00000000c6700000|  0%| F|  |TAMS 0x00000000c6600000, 0x00000000c6600000| Untracked 
| 103|0x00000000c6700000, 0x00000000c6700000, 0x00000000c6800000|  0%| F|  |TAMS 0x00000000c6700000, 0x00000000c6700000| Untracked 
| 104|0x00000000c6800000, 0x00000000c6800000, 0x00000000c6900000|  0%| F|  |TAMS 0x00000000c6800000, 0x00000000c6800000| Untracked 
| 105|0x00000000c6900000, 0x00000000c6900000, 0x00000000c6a00000|  0%| F|  |TAMS 0x00000000c6900000, 0x00000000c6900000| Untracked 
| 106|0x00000000c6a00000, 0x00000000c6a00000, 0x00000000c6b00000|  0%| F|  |TAMS 0x00000000c6a00000, 0x00000000c6a00000| Untracked 
| 107|0x00000000c6b00000, 0x00000000c6b00000, 0x00000000c6c00000|  0%| F|  |TAMS 0x00000000c6b00000, 0x00000000c6b00000| Untracked 
| 108|0x00000000c6c00000, 0x00000000c6c00000, 0x00000000c6d00000|  0%| F|  |TAMS 0x00000000c6c00000, 0x00000000c6c00000| Untracked 
| 109|0x00000000c6d00000, 0x00000000c6d00000, 0x00000000c6e00000|  0%| F|  |TAMS 0x00000000c6d00000, 0x00000000c6d00000| Untracked 
| 110|0x00000000c6e00000, 0x00000000c6e00000, 0x00000000c6f00000|  0%| F|  |TAMS 0x00000000c6e00000, 0x00000000c6e00000| Untracked 
| 111|0x00000000c6f00000, 0x00000000c6f00000, 0x00000000c7000000|  0%| F|  |TAMS 0x00000000c6f00000, 0x00000000c6f00000| Untracked 
| 112|0x00000000c7000000, 0x00000000c7000000, 0x00000000c7100000|  0%| F|  |TAMS 0x00000000c7000000, 0x00000000c7000000| Untracked 
| 113|0x00000000c7100000, 0x00000000c7100000, 0x00000000c7200000|  0%| F|  |TAMS 0x00000000c7100000, 0x00000000c7100000| Untracked 
| 114|0x00000000c7200000, 0x00000000c7200000, 0x00000000c7300000|  0%| F|  |TAMS 0x00000000c7200000, 0x00000000c7200000| Untracked 
| 115|0x00000000c7300000, 0x00000000c7300000, 0x00000000c7400000|  0%| F|  |TAMS 0x00000000c7300000, 0x00000000c7300000| Untracked 
| 116|0x00000000c7400000, 0x00000000c7400000, 0x00000000c7500000|  0%| F|  |TAMS 0x00000000c7400000, 0x00000000c7400000| Untracked 
| 117|0x00000000c7500000, 0x00000000c7500000, 0x00000000c7600000|  0%| F|  |TAMS 0x00000000c7500000, 0x00000000c7500000| Untracked 
| 118|0x00000000c7600000, 0x00000000c7600000, 0x00000000c7700000|  0%| F|  |TAMS 0x00000000c7600000, 0x00000000c7600000| Untracked 
| 119|0x00000000c7700000, 0x00000000c7700000, 0x00000000c7800000|  0%| F|  |TAMS 0x00000000c7700000, 0x00000000c7700000| Untracked 
| 120|0x00000000c7800000, 0x00000000c7800000, 0x00000000c7900000|  0%| F|  |TAMS 0x00000000c7800000, 0x00000000c7800000| Untracked 
| 121|0x00000000c7900000, 0x00000000c7900000, 0x00000000c7a00000|  0%| F|  |TAMS 0x00000000c7900000, 0x00000000c7900000| Untracked 
| 122|0x00000000c7a00000, 0x00000000c7a00000, 0x00000000c7b00000|  0%| F|  |TAMS 0x00000000c7a00000, 0x00000000c7a00000| Untracked 
| 123|0x00000000c7b00000, 0x00000000c7b00000, 0x00000000c7c00000|  0%| F|  |TAMS 0x00000000c7b00000, 0x00000000c7b00000| Untracked 
| 124|0x00000000c7c00000, 0x00000000c7c00000, 0x00000000c7d00000|  0%| F|  |TAMS 0x00000000c7c00000, 0x00000000c7c00000| Untracked 
| 125|0x00000000c7d00000, 0x00000000c7d00000, 0x00000000c7e00000|  0%| F|  |TAMS 0x00000000c7d00000, 0x00000000c7d00000| Untracked 
| 126|0x00000000c7e00000, 0x00000000c7e00000, 0x00000000c7f00000|  0%| F|  |TAMS 0x00000000c7e00000, 0x00000000c7e00000| Untracked 
| 127|0x00000000c7f00000, 0x00000000c7f00000, 0x00000000c8000000|  0%| F|  |TAMS 0x00000000c7f00000, 0x00000000c7f00000| Untracked 
| 128|0x00000000c8000000, 0x00000000c8000000, 0x00000000c8100000|  0%| F|  |TAMS 0x00000000c8000000, 0x00000000c8000000| Untracked 
| 129|0x00000000c8100000, 0x00000000c8100000, 0x00000000c8200000|  0%| F|  |TAMS 0x00000000c8100000, 0x00000000c8100000| Untracked 
| 130|0x00000000c8200000, 0x00000000c8200000, 0x00000000c8300000|  0%| F|  |TAMS 0x00000000c8200000, 0x00000000c8200000| Untracked 
| 131|0x00000000c8300000, 0x00000000c8300000, 0x00000000c8400000|  0%| F|  |TAMS 0x00000000c8300000, 0x00000000c8300000| Untracked 
| 132|0x00000000c8400000, 0x00000000c8400000, 0x00000000c8500000|  0%| F|  |TAMS 0x00000000c8400000, 0x00000000c8400000| Untracked 
| 133|0x00000000c8500000, 0x00000000c8500000, 0x00000000c8600000|  0%| F|  |TAMS 0x00000000c8500000, 0x00000000c8500000| Untracked 
| 134|0x00000000c8600000, 0x00000000c8600000, 0x00000000c8700000|  0%| F|  |TAMS 0x00000000c8600000, 0x00000000c8600000| Untracked 
| 135|0x00000000c8700000, 0x00000000c8700000, 0x00000000c8800000|  0%| F|  |TAMS 0x00000000c8700000, 0x00000000c8700000| Untracked 
| 136|0x00000000c8800000, 0x00000000c8800000, 0x00000000c8900000|  0%| F|  |TAMS 0x00000000c8800000, 0x00000000c8800000| Untracked 
| 137|0x00000000c8900000, 0x00000000c8900000, 0x00000000c8a00000|  0%| F|  |TAMS 0x00000000c8900000, 0x00000000c8900000| Untracked 
| 138|0x00000000c8a00000, 0x00000000c8a00000, 0x00000000c8b00000|  0%| F|  |TAMS 0x00000000c8a00000, 0x00000000c8a00000| Untracked 
| 139|0x00000000c8b00000, 0x00000000c8b00000, 0x00000000c8c00000|  0%| F|  |TAMS 0x00000000c8b00000, 0x00000000c8b00000| Untracked 
| 140|0x00000000c8c00000, 0x00000000c8c00000, 0x00000000c8d00000|  0%| F|  |TAMS 0x00000000c8c00000, 0x00000000c8c00000| Untracked 
| 141|0x00000000c8d00000, 0x00000000c8d00000, 0x00000000c8e00000|  0%| F|  |TAMS 0x00000000c8d00000, 0x00000000c8d00000| Untracked 
| 142|0x00000000c8e00000, 0x00000000c8e00000, 0x00000000c8f00000|  0%| F|  |TAMS 0x00000000c8e00000, 0x00000000c8e00000| Untracked 
| 143|0x00000000c8f00000, 0x00000000c8f00000, 0x00000000c9000000|  0%| F|  |TAMS 0x00000000c8f00000, 0x00000000c8f00000| Untracked 
| 144|0x00000000c9000000, 0x00000000c9000000, 0x00000000c9100000|  0%| F|  |TAMS 0x00000000c9000000, 0x00000000c9000000| Untracked 
| 145|0x00000000c9100000, 0x00000000c9100000, 0x00000000c9200000|  0%| F|  |TAMS 0x00000000c9100000, 0x00000000c9100000| Untracked 
| 146|0x00000000c9200000, 0x00000000c9200000, 0x00000000c9300000|  0%| F|  |TAMS 0x00000000c9200000, 0x00000000c9200000| Untracked 
| 147|0x00000000c9300000, 0x00000000c9300000, 0x00000000c9400000|  0%| F|  |TAMS 0x00000000c9300000, 0x00000000c9300000| Untracked 
| 148|0x00000000c9400000, 0x00000000c9400000, 0x00000000c9500000|  0%| F|  |TAMS 0x00000000c9400000, 0x00000000c9400000| Untracked 
| 149|0x00000000c9500000, 0x00000000c9500000, 0x00000000c9600000|  0%| F|  |TAMS 0x00000000c9500000, 0x00000000c9500000| Untracked 
| 150|0x00000000c9600000, 0x00000000c9600000, 0x00000000c9700000|  0%| F|  |TAMS 0x00000000c9600000, 0x00000000c9600000| Untracked 
| 151|0x00000000c9700000, 0x00000000c9700000, 0x00000000c9800000|  0%| F|  |TAMS 0x00000000c9700000, 0x00000000c9700000| Untracked 
| 152|0x00000000c9800000, 0x00000000c9800000, 0x00000000c9900000|  0%| F|  |TAMS 0x00000000c9800000, 0x00000000c9800000| Untracked 
| 153|0x00000000c9900000, 0x00000000c9900000, 0x00000000c9a00000|  0%| F|  |TAMS 0x00000000c9900000, 0x00000000c9900000| Untracked 
| 154|0x00000000c9a00000, 0x00000000c9a00000, 0x00000000c9b00000|  0%| F|  |TAMS 0x00000000c9a00000, 0x00000000c9a00000| Untracked 
| 155|0x00000000c9b00000, 0x00000000c9b00000, 0x00000000c9c00000|  0%| F|  |TAMS 0x00000000c9b00000, 0x00000000c9b00000| Untracked 
| 156|0x00000000c9c00000, 0x00000000c9c00000, 0x00000000c9d00000|  0%| F|  |TAMS 0x00000000c9c00000, 0x00000000c9c00000| Untracked 
| 157|0x00000000c9d00000, 0x00000000c9d00000, 0x00000000c9e00000|  0%| F|  |TAMS 0x00000000c9d00000, 0x00000000c9d00000| Untracked 
| 158|0x00000000c9e00000, 0x00000000c9e00000, 0x00000000c9f00000|  0%| F|  |TAMS 0x00000000c9e00000, 0x00000000c9e00000| Untracked 
| 159|0x00000000c9f00000, 0x00000000c9f00000, 0x00000000ca000000|  0%| F|  |TAMS 0x00000000c9f00000, 0x00000000c9f00000| Untracked 
| 160|0x00000000ca000000, 0x00000000ca000000, 0x00000000ca100000|  0%| F|  |TAMS 0x00000000ca000000, 0x00000000ca000000| Untracked 
| 161|0x00000000ca100000, 0x00000000ca100000, 0x00000000ca200000|  0%| F|  |TAMS 0x00000000ca100000, 0x00000000ca100000| Untracked 
| 162|0x00000000ca200000, 0x00000000ca200000, 0x00000000ca300000|  0%| F|  |TAMS 0x00000000ca200000, 0x00000000ca200000| Untracked 
| 163|0x00000000ca300000, 0x00000000ca300000, 0x00000000ca400000|  0%| F|  |TAMS 0x00000000ca300000, 0x00000000ca300000| Untracked 
| 164|0x00000000ca400000, 0x00000000ca400000, 0x00000000ca500000|  0%| F|  |TAMS 0x00000000ca400000, 0x00000000ca400000| Untracked 
| 165|0x00000000ca500000, 0x00000000ca500000, 0x00000000ca600000|  0%| F|  |TAMS 0x00000000ca500000, 0x00000000ca500000| Untracked 
| 166|0x00000000ca600000, 0x00000000ca600000, 0x00000000ca700000|  0%| F|  |TAMS 0x00000000ca600000, 0x00000000ca600000| Untracked 
| 167|0x00000000ca700000, 0x00000000ca700000, 0x00000000ca800000|  0%| F|  |TAMS 0x00000000ca700000, 0x00000000ca700000| Untracked 
| 168|0x00000000ca800000, 0x00000000ca800000, 0x00000000ca900000|  0%| F|  |TAMS 0x00000000ca800000, 0x00000000ca800000| Untracked 
| 169|0x00000000ca900000, 0x00000000ca900000, 0x00000000caa00000|  0%| F|  |TAMS 0x00000000ca900000, 0x00000000ca900000| Untracked 
| 170|0x00000000caa00000, 0x00000000caa00000, 0x00000000cab00000|  0%| F|  |TAMS 0x00000000caa00000, 0x00000000caa00000| Untracked 
| 171|0x00000000cab00000, 0x00000000cab00000, 0x00000000cac00000|  0%| F|  |TAMS 0x00000000cab00000, 0x00000000cab00000| Untracked 
| 172|0x00000000cac00000, 0x00000000cac00000, 0x00000000cad00000|  0%| F|  |TAMS 0x00000000cac00000, 0x00000000cac00000| Untracked 
| 173|0x00000000cad00000, 0x00000000cad1a8d8, 0x00000000cae00000| 10%| S|CS|TAMS 0x00000000cad00000, 0x00000000cad00000| Complete 
| 174|0x00000000cae00000, 0x00000000caf00000, 0x00000000caf00000|100%| S|CS|TAMS 0x00000000cae00000, 0x00000000cae00000| Complete 
| 175|0x00000000caf00000, 0x00000000cb000000, 0x00000000cb000000|100%| S|CS|TAMS 0x00000000caf00000, 0x00000000caf00000| Complete 
| 176|0x00000000cb000000, 0x00000000cb100000, 0x00000000cb100000|100%| S|CS|TAMS 0x00000000cb000000, 0x00000000cb000000| Complete 
| 177|0x00000000cb100000, 0x00000000cb200000, 0x00000000cb200000|100%| S|CS|TAMS 0x00000000cb100000, 0x00000000cb100000| Complete 
| 178|0x00000000cb200000, 0x00000000cb300000, 0x00000000cb300000|100%| S|CS|TAMS 0x00000000cb200000, 0x00000000cb200000| Complete 
| 179|0x00000000cb300000, 0x00000000cb400000, 0x00000000cb400000|100%| S|CS|TAMS 0x00000000cb300000, 0x00000000cb300000| Complete 
| 180|0x00000000cb400000, 0x00000000cb500000, 0x00000000cb500000|100%| S|CS|TAMS 0x00000000cb400000, 0x00000000cb400000| Complete 
| 181|0x00000000cb500000, 0x00000000cb500000, 0x00000000cb600000|  0%| F|  |TAMS 0x00000000cb500000, 0x00000000cb500000| Untracked 
| 182|0x00000000cb600000, 0x00000000cb700000, 0x00000000cb700000|100%| E|  |TAMS 0x00000000cb600000, 0x00000000cb600000| Complete 
| 183|0x00000000cb700000, 0x00000000cb800000, 0x00000000cb800000|100%| E|CS|TAMS 0x00000000cb700000, 0x00000000cb700000| Complete 
| 184|0x00000000cb800000, 0x00000000cb900000, 0x00000000cb900000|100%| E|CS|TAMS 0x00000000cb800000, 0x00000000cb800000| Complete 
| 185|0x00000000cb900000, 0x00000000cba00000, 0x00000000cba00000|100%| E|CS|TAMS 0x00000000cb900000, 0x00000000cb900000| Complete 
| 186|0x00000000cba00000, 0x00000000cbb00000, 0x00000000cbb00000|100%| E|CS|TAMS 0x00000000cba00000, 0x00000000cba00000| Complete 
| 187|0x00000000cbb00000, 0x00000000cbc00000, 0x00000000cbc00000|100%| E|CS|TAMS 0x00000000cbb00000, 0x00000000cbb00000| Complete 
| 188|0x00000000cbc00000, 0x00000000cbd00000, 0x00000000cbd00000|100%| E|CS|TAMS 0x00000000cbc00000, 0x00000000cbc00000| Complete 
| 189|0x00000000cbd00000, 0x00000000cbe00000, 0x00000000cbe00000|100%| E|CS|TAMS 0x00000000cbd00000, 0x00000000cbd00000| Complete 
| 190|0x00000000cbe00000, 0x00000000cbf00000, 0x00000000cbf00000|100%| E|CS|TAMS 0x00000000cbe00000, 0x00000000cbe00000| Complete 
| 191|0x00000000cbf00000, 0x00000000cc000000, 0x00000000cc000000|100%| E|CS|TAMS 0x00000000cbf00000, 0x00000000cbf00000| Complete 
| 192|0x00000000cc000000, 0x00000000cc100000, 0x00000000cc100000|100%| E|CS|TAMS 0x00000000cc000000, 0x00000000cc000000| Complete 
| 193|0x00000000cc100000, 0x00000000cc200000, 0x00000000cc200000|100%| E|CS|TAMS 0x00000000cc100000, 0x00000000cc100000| Complete 
| 194|0x00000000cc200000, 0x00000000cc300000, 0x00000000cc300000|100%| E|CS|TAMS 0x00000000cc200000, 0x00000000cc200000| Complete 
| 195|0x00000000cc300000, 0x00000000cc400000, 0x00000000cc400000|100%| E|CS|TAMS 0x00000000cc300000, 0x00000000cc300000| Complete 
| 196|0x00000000cc400000, 0x00000000cc500000, 0x00000000cc500000|100%| E|CS|TAMS 0x00000000cc400000, 0x00000000cc400000| Complete 
| 197|0x00000000cc500000, 0x00000000cc600000, 0x00000000cc600000|100%| E|CS|TAMS 0x00000000cc500000, 0x00000000cc500000| Complete 

Card table byte_map: [0x00000192fefb0000,0x00000192ff1b0000] _byte_map_base: 0x00000192fe9b0000

Marking Bits (Prev, Next): (CMBitMap*) 0x00000192e7ffab80, (CMBitMap*) 0x00000192e7ffab40
 Prev Bits: [0x0000019281000000, 0x0000019282000000)
 Next Bits: [0x0000019280000000, 0x0000019281000000)

Polling page: 0x00000192e5f20000

Metaspace:

Usage:
  Non-class:    115.82 MB used.
      Class:     17.43 MB used.
       Both:    133.25 MB used.

Virtual space:
  Non-class space:      128.00 MB reserved,     116.38 MB ( 91%) committed,  2 nodes.
      Class space:        1.00 GB reserved,      17.94 MB (  2%) committed,  1 nodes.
             Both:        1.12 GB reserved,     134.31 MB ( 12%) committed. 

Chunk freelists:
   Non-Class:  10.94 MB
       Class:  13.93 MB
        Both:  24.87 MB

MaxMetaspaceSize: unlimited
CompressedClassSpaceSize: 1.00 GB
Initial GC threshold: 21.00 MB
Current GC threshold: 198.25 MB
CDS: on
MetaspaceReclaimPolicy: balanced
 - commit_granule_bytes: 65536.
 - commit_granule_words: 8192.
 - virtual_space_node_default_size: 8388608.
 - enlarge_chunks_in_place: 1.
 - new_chunks_are_fully_committed: 0.
 - uncommit_free_chunks: 1.
 - use_allocation_guard: 0.
 - handle_deallocations: 1.


Internal statistics:

num_allocs_failed_limit: 9.
num_arena_births: 1790.
num_arena_deaths: 0.
num_vsnodes_births: 3.
num_vsnodes_deaths: 0.
num_space_committed: 2146.
num_space_uncommitted: 0.
num_chunks_returned_to_freelist: 9.
num_chunks_taken_from_freelist: 6787.
num_chunk_merges: 9.
num_chunk_splits: 4834.
num_chunks_enlarged: 3566.
num_inconsistent_stats: 0.

CodeHeap 'non-profiled nmethods': size=120000Kb used=9518Kb max_used=9518Kb free=110481Kb
 bounds [0x00000192f7320000, 0x00000192f7c70000, 0x00000192fe850000]
CodeHeap 'profiled nmethods': size=120000Kb used=23958Kb max_used=23958Kb free=96041Kb
 bounds [0x00000192ef850000, 0x00000192f0fc0000, 0x00000192f6d80000]
CodeHeap 'non-nmethods': size=5760Kb used=1666Kb max_used=1724Kb free=4093Kb
 bounds [0x00000192f6d80000, 0x00000192f6ff0000, 0x00000192f7320000]
 total_blobs=14277 nmethods=13220 adapters=967
 compilation: enabled
              stopped_count=0, restarted_count=0
 full_count=0

Compilation events (20 events):
Event: 200.448 Thread 0x0000019284195e00 nmethod 15654 0x00000192f0fb6c90 code [0x00000192f0fb6e20, 0x00000192f0fb6f38]
Event: 201.258 Thread 0x0000019284195e00 15655   !   3       java.util.concurrent.ThreadPoolExecutor::getTask (177 bytes)
Event: 201.373 Thread 0x0000019284195e00 nmethod 15655 0x00000192f0fb7010 code [0x00000192f0fb72a0, 0x00000192f0fb8178]
Event: 203.708 Thread 0x000001928418b720 15656   !   4       java.util.concurrent.CompletableFuture::uniWhenComplete (116 bytes)
Event: 204.024 Thread 0x000001928418b720 nmethod 15656 0x00000192f7c69190 code [0x00000192f7c69340, 0x00000192f7c69a68]
Event: 204.771 Thread 0x000001928418b720 15657       4       org.apache.spark.sql.kafka010.KafkaMicroBatchStream$$Lambda$2082/0x0000019286d1c6a8::apply (8 bytes)
Event: 204.808 Thread 0x000001928418b720 nmethod 15657 0x00000192f7c6a010 code [0x00000192f7c6a1a0, 0x00000192f7c6a258]
Event: 204.809 Thread 0x000001928418b720 15658       4       org.apache.spark.sql.execution.streaming.MicroBatchExecution$$Lambda$2087/0x0000019286c67970::apply (8 bytes)
Event: 204.811 Thread 0x000001928418b720 nmethod 15658 0x00000192f7c6a310 code [0x00000192f7c6a4a0, 0x00000192f7c6a578]
Event: 204.811 Thread 0x000001928418b720 15659       4       org.apache.spark.sql.execution.streaming.MicroBatchExecution::$anonfun$constructNextBatch$7 (31 bytes)
Event: 204.811 Thread 0x000001928418b720 nmethod 15659 0x00000192f7c6a690 code [0x00000192f7c6a820, 0x00000192f7c6a8d8]
Event: 204.812 Thread 0x000001928418b720 15660       4       org.apache.spark.sql.execution.streaming.MicroBatchExecution$$Lambda$2088/0x0000019286d1a000::apply (8 bytes)
Event: 204.821 Thread 0x000001928418b720 nmethod 15660 0x00000192f7c6aa10 code [0x00000192f7c6aba0, 0x00000192f7c6ad38]
Event: 204.821 Thread 0x000001928418b720 15661       4       org.apache.spark.sql.execution.streaming.MicroBatchExecution$$Lambda$2089/0x0000019286d1a3d0::apply (8 bytes)
Event: 204.822 Thread 0x000001928418b720 nmethod 15661 0x00000192f7c6af10 code [0x00000192f7c6b0a0, 0x00000192f7c6b178]
Event: 204.822 Thread 0x000001928418b720 15662       4       org.apache.spark.sql.execution.streaming.MicroBatchExecution::$anonfun$constructNextBatch$9 (31 bytes)
Event: 204.823 Thread 0x000001928418b720 nmethod 15662 0x00000192f7c6b290 code [0x00000192f7c6b420, 0x00000192f7c6b4d8]
Event: 204.823 Thread 0x000001928418b720 15663       4       org.apache.spark.sql.execution.streaming.MicroBatchExecution$$Lambda$2090/0x0000019286d1a7a0::apply (8 bytes)
Event: 204.825 Thread 0x000001928418b720 nmethod 15663 0x00000192f7c6b610 code [0x00000192f7c6b7a0, 0x00000192f7c6b938]
Event: 204.825 Thread 0x000001928418b720 15664       4       org.apache.spark.sql.execution.streaming.ProgressReporter$$Lambda$4250/0x00000192871f1040::apply (24 bytes)

GC Heap History (20 events):
Event: 64.193 GC heap before
{Heap before GC invocations=36 (full 0):
 garbage-first heap   total 202752K, used 176640K [0x00000000c0000000, 0x0000000100000000)
  region size 1024K, 99 young (101376K), 7 survivors (7168K)
 Metaspace       used 135868K, committed 136960K, reserved 1179648K
  class space    used 17832K, committed 18368K, reserved 1048576K
}
Event: 64.198 GC heap after
{Heap after GC invocations=37 (full 0):
 garbage-first heap   total 202752K, used 75671K [0x00000000c0000000, 0x0000000100000000)
  region size 1024K, 7 young (7168K), 7 survivors (7168K)
 Metaspace       used 135868K, committed 136960K, reserved 1179648K
  class space    used 17832K, committed 18368K, reserved 1048576K
}
Event: 81.371 GC heap before
{Heap before GC invocations=37 (full 0):
 garbage-first heap   total 202752K, used 171927K [0x00000000c0000000, 0x0000000100000000)
  region size 1024K, 101 young (103424K), 7 survivors (7168K)
 Metaspace       used 135910K, committed 137024K, reserved 1179648K
  class space    used 17837K, committed 18368K, reserved 1048576K
}
Event: 81.378 GC heap after
{Heap after GC invocations=38 (full 0):
 garbage-first heap   total 202752K, used 75325K [0x00000000c0000000, 0x0000000100000000)
  region size 1024K, 7 young (7168K), 7 survivors (7168K)
 Metaspace       used 135910K, committed 137024K, reserved 1179648K
  class space    used 17837K, committed 18368K, reserved 1048576K
}
Event: 99.367 GC heap before
{Heap before GC invocations=38 (full 0):
 garbage-first heap   total 202752K, used 172605K [0x00000000c0000000, 0x0000000100000000)
  region size 1024K, 102 young (104448K), 7 survivors (7168K)
 Metaspace       used 135919K, committed 137088K, reserved 1179648K
  class space    used 17837K, committed 18368K, reserved 1048576K
}
Event: 99.372 GC heap after
{Heap after GC invocations=39 (full 0):
 garbage-first heap   total 202752K, used 75652K [0x00000000c0000000, 0x0000000100000000)
  region size 1024K, 7 young (7168K), 7 survivors (7168K)
 Metaspace       used 135919K, committed 137088K, reserved 1179648K
  class space    used 17837K, committed 18368K, reserved 1048576K
}
Event: 117.505 GC heap before
{Heap before GC invocations=39 (full 0):
 garbage-first heap   total 202752K, used 173956K [0x00000000c0000000, 0x0000000100000000)
  region size 1024K, 103 young (105472K), 7 survivors (7168K)
 Metaspace       used 135929K, committed 137088K, reserved 1179648K
  class space    used 17839K, committed 18368K, reserved 1048576K
}
Event: 117.537 GC heap after
{Heap after GC invocations=40 (full 0):
 garbage-first heap   total 202752K, used 75520K [0x00000000c0000000, 0x0000000100000000)
  region size 1024K, 7 young (7168K), 7 survivors (7168K)
 Metaspace       used 135929K, committed 137088K, reserved 1179648K
  class space    used 17839K, committed 18368K, reserved 1048576K
}
Event: 120.595 GC heap before
{Heap before GC invocations=40 (full 0):
 garbage-first heap   total 202752K, used 96000K [0x00000000c0000000, 0x0000000100000000)
  region size 1024K, 28 young (28672K), 7 survivors (7168K)
 Metaspace       used 136115K, committed 137280K, reserved 1179648K
  class space    used 17841K, committed 18368K, reserved 1048576K
}
Event: 120.647 GC heap after
{Heap after GC invocations=41 (full 0):
 garbage-first heap   total 202752K, used 75529K [0x00000000c0000000, 0x0000000100000000)
  region size 1024K, 7 young (7168K), 7 survivors (7168K)
 Metaspace       used 136115K, committed 137280K, reserved 1179648K
  class space    used 17841K, committed 18368K, reserved 1048576K
}
Event: 121.474 GC heap before
{Heap before GC invocations=41 (full 0):
 garbage-first heap   total 202752K, used 86793K [0x00000000c0000000, 0x0000000100000000)
  region size 1024K, 14 young (14336K), 7 survivors (7168K)
 Metaspace       used 136191K, committed 137344K, reserved 1179648K
  class space    used 17842K, committed 18368K, reserved 1048576K
}
Event: 121.479 GC heap after
{Heap after GC invocations=42 (full 0):
 garbage-first heap   total 202752K, used 75687K [0x00000000c0000000, 0x0000000100000000)
  region size 1024K, 7 young (7168K), 7 survivors (7168K)
 Metaspace       used 136191K, committed 137344K, reserved 1179648K
  class space    used 17842K, committed 18368K, reserved 1048576K
}
Event: 138.415 GC heap before
{Heap before GC invocations=42 (full 0):
 garbage-first heap   total 202752K, used 170919K [0x00000000c0000000, 0x0000000100000000)
  region size 1024K, 98 young (100352K), 7 survivors (7168K)
 Metaspace       used 136243K, committed 137344K, reserved 1179648K
  class space    used 17846K, committed 18368K, reserved 1048576K
}
Event: 138.419 GC heap after
{Heap after GC invocations=43 (full 0):
 garbage-first heap   total 202752K, used 75678K [0x00000000c0000000, 0x0000000100000000)
  region size 1024K, 7 young (7168K), 7 survivors (7168K)
 Metaspace       used 136243K, committed 137344K, reserved 1179648K
  class space    used 17846K, committed 18368K, reserved 1048576K
}
Event: 156.070 GC heap before
{Heap before GC invocations=43 (full 0):
 garbage-first heap   total 202752K, used 171934K [0x00000000c0000000, 0x0000000100000000)
  region size 1024K, 101 young (103424K), 7 survivors (7168K)
 Metaspace       used 136257K, committed 137408K, reserved 1179648K
  class space    used 17846K, committed 18368K, reserved 1048576K
}
Event: 156.075 GC heap after
{Heap after GC invocations=44 (full 0):
 garbage-first heap   total 202752K, used 75272K [0x00000000c0000000, 0x0000000100000000)
  region size 1024K, 7 young (7168K), 7 survivors (7168K)
 Metaspace       used 136257K, committed 137408K, reserved 1179648K
  class space    used 17846K, committed 18368K, reserved 1048576K
}
Event: 180.744 GC heap before
{Heap before GC invocations=44 (full 0):
 garbage-first heap   total 202752K, used 172552K [0x00000000c0000000, 0x0000000100000000)
  region size 1024K, 102 young (104448K), 7 survivors (7168K)
 Metaspace       used 136264K, committed 137408K, reserved 1179648K
  class space    used 17846K, committed 18368K, reserved 1048576K
}
Event: 181.097 GC heap after
{Heap after GC invocations=45 (full 0):
 garbage-first heap   total 202752K, used 75561K [0x00000000c0000000, 0x0000000100000000)
  region size 1024K, 7 young (7168K), 7 survivors (7168K)
 Metaspace       used 136264K, committed 137408K, reserved 1179648K
  class space    used 17846K, committed 18368K, reserved 1048576K
}
Event: 198.737 GC heap before
{Heap before GC invocations=45 (full 0):
 garbage-first heap   total 202752K, used 97065K [0x00000000c0000000, 0x0000000100000000)
  region size 1024K, 24 young (24576K), 7 survivors (7168K)
 Metaspace       used 136427K, committed 137536K, reserved 1179648K
  class space    used 17847K, committed 18368K, reserved 1048576K
}
Event: 198.763 GC heap after
{Heap after GC invocations=46 (full 0):
 garbage-first heap   total 202752K, used 75888K [0x00000000c0000000, 0x0000000100000000)
  region size 1024K, 8 young (8192K), 8 survivors (8192K)
 Metaspace       used 136427K, committed 137536K, reserved 1179648K
  class space    used 17847K, committed 18368K, reserved 1048576K
}

Deoptimization events (20 events):
Event: 198.696 Thread 0x00000192ccd0d7f0 Uncommon trap: trap_request=0xffffffc6 fr.pc=0x00000192f78fb018 relative=0x0000000000000078
Event: 198.696 Thread 0x00000192ccd0d7f0 Uncommon trap: reason=bimorphic_or_optimized_type_check action=maybe_recompile pc=0x00000192f78fb018 method=java.util.Collections$UnmodifiableCollection.size()I @ 4 c2
Event: 198.696 Thread 0x00000192ccd0d7f0 DEOPT PACKING pc=0x00000192f78fb018 sp=0x000000621d5fdcd0
Event: 198.696 Thread 0x00000192ccd0d7f0 DEOPT UNPACKING pc=0x00000192f6dd5ba3 sp=0x000000621d5fdc60 mode 2
Event: 198.697 Thread 0x00000192ccd0d7f0 Uncommon trap: trap_request=0xffffffde fr.pc=0x00000192f79b62f0 relative=0x0000000000000070
Event: 198.697 Thread 0x00000192ccd0d7f0 Uncommon trap: reason=class_check action=maybe_recompile pc=0x00000192f79b62f0 method=java.util.Collections$UnmodifiableCollection.isEmpty()Z @ 4 c2
Event: 198.697 Thread 0x00000192ccd0d7f0 DEOPT PACKING pc=0x00000192f79b62f0 sp=0x000000621d5fdcf0
Event: 198.697 Thread 0x00000192ccd0d7f0 DEOPT UNPACKING pc=0x00000192f6dd5ba3 sp=0x000000621d5fdc80 mode 2
Event: 198.733 Thread 0x00000192ccd0d7f0 Uncommon trap: trap_request=0xffffffde fr.pc=0x00000192f7a175c4 relative=0x00000000000000a4
Event: 198.733 Thread 0x00000192ccd0d7f0 Uncommon trap: reason=class_check action=maybe_recompile pc=0x00000192f7a175c4 method=java.util.Comparator.lambda$comparingInt$7b0bb60$1(Ljava/util/function/ToIntFunction;Ljava/lang/Object;Ljava/lang/Object;)I @ 2 c2
Event: 198.733 Thread 0x00000192ccd0d7f0 DEOPT PACKING pc=0x00000192f7a175c4 sp=0x000000621d5fdd50
Event: 198.733 Thread 0x00000192ccd0d7f0 DEOPT UNPACKING pc=0x00000192f6dd5ba3 sp=0x000000621d5fdc70 mode 2
Event: 200.180 Thread 0x00000192ce5c5b40 Uncommon trap: trap_request=0xffffffde fr.pc=0x00000192f7a40c30 relative=0x00000000000001f0
Event: 200.180 Thread 0x00000192ce5c5b40 Uncommon trap: reason=class_check action=maybe_recompile pc=0x00000192f7a40c30 method=scala.collection.MapLike$MappedValues.get(Ljava/lang/Object;)Lscala/Option; @ 5 c2
Event: 200.180 Thread 0x00000192ce5c5b40 DEOPT PACKING pc=0x00000192f7a40c30 sp=0x000000621ebff010
Event: 200.181 Thread 0x00000192ce5c5b40 DEOPT UNPACKING pc=0x00000192f6dd5ba3 sp=0x000000621ebfefa8 mode 2
Event: 200.183 Thread 0x00000192ce5c5b40 Uncommon trap: trap_request=0xffffffde fr.pc=0x00000192f7a4aa90 relative=0x0000000000000530
Event: 200.184 Thread 0x00000192ce5c5b40 Uncommon trap: reason=class_check action=maybe_recompile pc=0x00000192f7a4aa90 method=scala.collection.MapLike$MappedValues.iterator()Lscala/collection/Iterator; @ 4 c2
Event: 200.184 Thread 0x00000192ce5c5b40 DEOPT PACKING pc=0x00000192f7a4aa90 sp=0x000000621ebff250
Event: 200.184 Thread 0x00000192ce5c5b40 DEOPT UNPACKING pc=0x00000192f6dd5ba3 sp=0x000000621ebff160 mode 2

Classes unloaded (0 events):
No events

Classes redefined (0 events):
No events

Internal exceptions (20 events):
Event: 120.773 Thread 0x00000192cd562740 Implicit null exception at 0x00000192f7a5f774 to 0x00000192f7a61c9c
Event: 121.381 Thread 0x00000192cd562740 Implicit null exception at 0x00000192f7a03ff7 to 0x00000192f7a0440c
Event: 121.381 Thread 0x00000192cd562740 Implicit null exception at 0x00000192f793ceb2 to 0x00000192f793d0dc
Event: 121.421 Thread 0x00000192cd3c6f10 Exception <a 'java/lang/reflect/InvocationTargetException'{0x00000000cc0d5af0}> (0x00000000cc0d5af0) 
thrown [s\open\src\hotspot\share\runtime\reflection.cpp, line 1121]
Event: 121.425 Thread 0x00000192cd3c7420 Exception <a 'java/lang/reflect/InvocationTargetException'{0x00000000cc0f10b8}> (0x00000000cc0f10b8) 
thrown [s\open\src\hotspot\share\runtime\reflection.cpp, line 1121]
Event: 121.443 Thread 0x00000192cd562740 Exception <a 'java/lang/reflect/InvocationTargetException'{0x00000000cbf06c88}> (0x00000000cbf06c88) 
thrown [s\open\src\hotspot\share\runtime\reflection.cpp, line 1121]
Event: 121.500 Thread 0x00000192ce5c5b40 Exception <a 'org/apache/hadoop/io/nativeio/NativeIOException'{0x00000000cc59c7d8}> (0x00000000cc59c7d8) 
thrown [s\open\src\hotspot\share\prims\jni.cpp, line 516]
Event: 121.502 Thread 0x00000192ce5c5b40 Exception <a 'org/apache/hadoop/io/nativeio/NativeIOException'{0x00000000cc5a4ed0}> (0x00000000cc5a4ed0) 
thrown [s\open\src\hotspot\share\prims\jni.cpp, line 516]
Event: 126.676 Thread 0x00000192cd3c7420 Exception <a 'java/lang/InterruptedException'{0x00000000ca200840}: sleep interrupted> (0x00000000ca200840) 
thrown [s\open\src\hotspot\share\prims\jvm.cpp, line 3064]
Event: 126.676 Thread 0x00000192cd3c6f10 Exception <a 'java/io/IOException'{0x00000000ca21a6a0}> (0x00000000ca21a6a0) 
thrown [s\open\src\hotspot\share\prims\jni.cpp, line 516]
Event: 183.477 Thread 0x00000192ce5c5b40 Exception <a 'org/apache/hadoop/io/nativeio/NativeIOException'{0x00000000cc5cbde8}> (0x00000000cc5cbde8) 
thrown [s\open\src\hotspot\share\prims\jni.cpp, line 516]
Event: 183.544 Thread 0x00000192ce5c5b40 Exception <a 'org/apache/hadoop/io/nativeio/NativeIOException'{0x00000000cc5d44e0}> (0x00000000cc5d44e0) 
thrown [s\open\src\hotspot\share\prims\jni.cpp, line 516]
Event: 198.574 Thread 0x00000192ccd0d7f0 Implicit null exception at 0x00000192f794c5c3 to 0x00000192f794c6a8
Event: 198.667 Thread 0x00000192d4784ff0 Exception <a 'java/lang/reflect/InvocationTargetException'{0x00000000cb56c6a8}> (0x00000000cb56c6a8) 
thrown [s\open\src\hotspot\share\runtime\reflection.cpp, line 1121]
Event: 198.667 Thread 0x00000192cee59c80 Exception <a 'java/lang/reflect/InvocationTargetException'{0x00000000cb582bd8}> (0x00000000cb582bd8) 
thrown [s\open\src\hotspot\share\runtime\reflection.cpp, line 1121]
Event: 198.696 Thread 0x00000192ccd0d7f0 Exception <a 'java/lang/reflect/InvocationTargetException'{0x00000000cb567980}> (0x00000000cb567980) 
thrown [s\open\src\hotspot\share\runtime\reflection.cpp, line 1121]
Event: 198.796 Thread 0x00000192ce5c5b40 Exception <a 'org/apache/hadoop/io/nativeio/NativeIOException'{0x00000000cc5793a0}> (0x00000000cc5793a0) 
thrown [s\open\src\hotspot\share\prims\jni.cpp, line 516]
Event: 198.800 Thread 0x00000192ce5c5b40 Exception <a 'org/apache/hadoop/io/nativeio/NativeIOException'{0x00000000cc581a98}> (0x00000000cc581a98) 
thrown [s\open\src\hotspot\share\prims\jni.cpp, line 516]
Event: 203.951 Thread 0x00000192d4784ff0 Exception <a 'java/lang/InterruptedException'{0x00000000cba16668}: sleep interrupted> (0x00000000cba16668) 
thrown [s\open\src\hotspot\share\prims\jvm.cpp, line 3064]
Event: 203.957 Thread 0x00000192cee59c80 Exception <a 'java/io/IOException'{0x00000000cba2c4a8}> (0x00000000cba2c4a8) 
thrown [s\open\src\hotspot\share\prims\jni.cpp, line 516]

VM Operations (20 events):
Event: 180.740 Executing VM operation: G1CollectForAllocation
Event: 181.097 Executing VM operation: G1CollectForAllocation done
Event: 188.204 Executing VM operation: Cleanup
Event: 188.206 Executing VM operation: Cleanup done
Event: 196.317 Executing VM operation: Cleanup
Event: 196.338 Executing VM operation: Cleanup done
Event: 197.341 Executing VM operation: Cleanup
Event: 197.357 Executing VM operation: Cleanup done
Event: 198.370 Executing VM operation: Cleanup
Event: 198.370 Executing VM operation: Cleanup done
Event: 198.736 Executing VM operation: G1TryInitiateConcMark
Event: 198.763 Executing VM operation: G1TryInitiateConcMark done
Event: 199.776 Executing VM operation: Cleanup
Event: 199.776 Executing VM operation: Cleanup done
Event: 200.789 Executing VM operation: Cleanup
Event: 200.804 Executing VM operation: Cleanup done
Event: 201.817 Executing VM operation: Cleanup
Event: 201.838 Executing VM operation: Cleanup done
Event: 204.856 Executing VM operation: Cleanup
Event: 204.858 Executing VM operation: Cleanup done

Events (20 events):
Event: 198.821 Thread 0x00000192cafc2640 Thread added: 0x00000192cafc2640
Event: 198.883 Thread 0x00000192cafc2640 Thread exited: 0x00000192cafc2640
Event: 198.913 Thread 0x00000192cafc2130 Thread added: 0x00000192cafc2130
Event: 198.963 Thread 0x00000192cafc2130 Thread exited: 0x00000192cafc2130
Event: 198.991 Thread 0x00000192cafc2130 Thread added: 0x00000192cafc2130
Event: 199.071 Thread 0x00000192cafc2130 Thread exited: 0x00000192cafc2130
Event: 199.090 Thread 0x00000192caa48f90 Thread added: 0x00000192caa48f90
Event: 199.260 Thread 0x00000192caa48f90 Thread exited: 0x00000192caa48f90
Event: 199.279 Thread 0x00000192caa48060 Thread added: 0x00000192caa48060
Event: 199.335 Thread 0x00000192caa48060 Thread exited: 0x00000192caa48060
Event: 199.349 Thread 0x00000192caa48f90 Thread added: 0x00000192caa48f90
Event: 199.412 Thread 0x00000192caa48f90 Thread exited: 0x00000192caa48f90
Event: 199.436 Thread 0x00000192caa499b0 Thread added: 0x00000192caa499b0
Event: 199.747 Thread 0x00000192caa499b0 Thread exited: 0x00000192caa499b0
Event: 199.793 Thread 0x00000192caa48060 Thread added: 0x00000192caa48060
Event: 200.173 Thread 0x00000192caa48060 Thread exited: 0x00000192caa48060
Event: 203.952 Thread 0x00000192d42069a0 Thread exited: 0x00000192d42069a0
Event: 203.954 Thread 0x00000192cee59770 Thread exited: 0x00000192cee59770
Event: 203.954 Thread 0x00000192d4784ff0 Thread exited: 0x00000192d4784ff0
Event: 203.960 Thread 0x00000192cee59c80 Thread exited: 0x00000192cee59c80


Dynamic libraries:
0x00007ff764990000 - 0x00007ff7649a0000 	C:\Program Files\Java\jdk-17\bin\java.exe
0x00007ffd2faf0000 - 0x00007ffd2fd07000 	C:\Windows\SYSTEM32\ntdll.dll
0x00007ffd2f9e0000 - 0x00007ffd2faa4000 	C:\Windows\System32\KERNEL32.DLL
0x00007ffd2d010000 - 0x00007ffd2d3b6000 	C:\Windows\System32\KERNELBASE.dll
0x00007ffd2d3c0000 - 0x00007ffd2d4d1000 	C:\Windows\System32\ucrtbase.dll
0x00007ffce2480000 - 0x00007ffce249b000 	C:\Program Files\Java\jdk-17\bin\VCRUNTIME140.dll
0x00007ffce24a0000 - 0x00007ffce24b9000 	C:\Program Files\Java\jdk-17\bin\jli.dll
0x00007ffd2f260000 - 0x00007ffd2f313000 	C:\Windows\System32\ADVAPI32.dll
0x00007ffd2e630000 - 0x00007ffd2e6d7000 	C:\Windows\System32\msvcrt.dll
0x00007ffd2e6e0000 - 0x00007ffd2e788000 	C:\Windows\System32\sechost.dll
0x00007ffd2d810000 - 0x00007ffd2d838000 	C:\Windows\System32\bcrypt.dll
0x00007ffd2f4c0000 - 0x00007ffd2f5d7000 	C:\Windows\System32\RPCRT4.dll
0x00007ffd2e320000 - 0x00007ffd2e4ce000 	C:\Windows\System32\USER32.dll
0x00007ffd2d620000 - 0x00007ffd2d646000 	C:\Windows\System32\win32u.dll
0x00007ffd0e0d0000 - 0x00007ffd0e363000 	C:\Windows\WinSxS\amd64_microsoft.windows.common-controls_6595b64144ccf1df_6.0.22621.2506_none_270c5ae97388e100\COMCTL32.dll
0x00007ffd2f640000 - 0x00007ffd2f669000 	C:\Windows\System32\GDI32.dll
0x00007ffd2d650000 - 0x00007ffd2d768000 	C:\Windows\System32\gdi32full.dll
0x00007ffd2d770000 - 0x00007ffd2d80a000 	C:\Windows\System32\msvcp_win.dll
0x00007ffd22610000 - 0x00007ffd2261a000 	C:\Windows\SYSTEM32\VERSION.dll
0x00007ffd2f9a0000 - 0x00007ffd2f9d1000 	C:\Windows\System32\IMM32.DLL
0x00007ffd1e310000 - 0x00007ffd1e31c000 	C:\Program Files\Java\jdk-17\bin\vcruntime140_1.dll
0x00007ffcaf0e0000 - 0x00007ffcaf16e000 	C:\Program Files\Java\jdk-17\bin\msvcp140.dll
0x00007ffcae500000 - 0x00007ffcaf0df000 	C:\Program Files\Java\jdk-17\bin\server\jvm.dll
0x00007ffd2f0b0000 - 0x00007ffd2f0b8000 	C:\Windows\System32\PSAPI.DLL
0x00007ffd1e180000 - 0x00007ffd1e189000 	C:\Windows\SYSTEM32\WSOCK32.dll
0x00007ffd22a20000 - 0x00007ffd22a54000 	C:\Windows\SYSTEM32\WINMM.dll
0x00007ffd2f920000 - 0x00007ffd2f991000 	C:\Windows\System32\WS2_32.dll
0x00007ffd2bf40000 - 0x00007ffd2bf58000 	C:\Windows\SYSTEM32\kernel.appcore.dll
0x00007ffd1e120000 - 0x00007ffd1e12a000 	C:\Program Files\Java\jdk-17\bin\jimage.dll
0x00007ffd2a660000 - 0x00007ffd2a893000 	C:\Windows\SYSTEM32\DBGHELP.DLL
0x00007ffd2de20000 - 0x00007ffd2e1a9000 	C:\Windows\System32\combase.dll
0x00007ffd2e240000 - 0x00007ffd2e317000 	C:\Windows\System32\OLEAUT32.dll
0x00007ffd1e1e0000 - 0x00007ffd1e212000 	C:\Windows\SYSTEM32\dbgcore.DLL
0x00007ffd2d4e0000 - 0x00007ffd2d55a000 	C:\Windows\System32\bcryptPrimitives.dll
0x00007ffcddf80000 - 0x00007ffcddfa5000 	C:\Program Files\Java\jdk-17\bin\java.dll
0x00007ffcae420000 - 0x00007ffcae4f7000 	C:\Program Files\Java\jdk-17\bin\jsvml.dll
0x00007ffd2e850000 - 0x00007ffd2f0ab000 	C:\Windows\System32\SHELL32.dll
0x00007ffd2ad50000 - 0x00007ffd2b646000 	C:\Windows\SYSTEM32\windows.storage.dll
0x00007ffd2ac10000 - 0x00007ffd2ad4e000 	C:\Windows\SYSTEM32\wintypes.dll
0x00007ffd2f0d0000 - 0x00007ffd2f1c3000 	C:\Windows\System32\SHCORE.dll
0x00007ffd2f5e0000 - 0x00007ffd2f63e000 	C:\Windows\System32\shlwapi.dll
0x00007ffd2cd60000 - 0x00007ffd2cd86000 	C:\Windows\SYSTEM32\profapi.dll
0x00007ffcddf60000 - 0x00007ffcddf79000 	C:\Program Files\Java\jdk-17\bin\net.dll
0x00007ffd24060000 - 0x00007ffd24197000 	C:\Windows\SYSTEM32\WINHTTP.dll
0x00007ffd2c3e0000 - 0x00007ffd2c449000 	C:\Windows\system32\mswsock.dll
0x00007ffcdd8f0000 - 0x00007ffcdd906000 	C:\Program Files\Java\jdk-17\bin\nio.dll
0x00007ffcdd8d0000 - 0x00007ffcdd8e8000 	C:\Program Files\Java\jdk-17\bin\zip.dll
0x00007ffd15540000 - 0x00007ffd1554a000 	C:\Program Files\Java\jdk-17\bin\management.dll
0x00007ffd15330000 - 0x00007ffd1533b000 	C:\Program Files\Java\jdk-17\bin\management_ext.dll
0x00007ffcf8af0000 - 0x00007ffcf8b07000 	C:\Windows\system32\napinsp.dll
0x00007ffcf78a0000 - 0x00007ffcf78bb000 	C:\Windows\system32\pnrpnsp.dll
0x00007ffd2b990000 - 0x00007ffd2ba89000 	C:\Windows\SYSTEM32\DNSAPI.dll
0x00007ffd2b960000 - 0x00007ffd2b98d000 	C:\Windows\SYSTEM32\IPHLPAPI.DLL
0x00007ffd2f0c0000 - 0x00007ffd2f0c9000 	C:\Windows\System32\NSI.dll
0x00007ffcf5610000 - 0x00007ffcf5621000 	C:\Windows\System32\winrnr.dll
0x00007ffd225f0000 - 0x00007ffd22605000 	C:\Windows\system32\wshbth.dll
0x00007ffcf55e0000 - 0x00007ffcf5601000 	C:\Windows\system32\nlansp_c.dll
0x00007ffd21e50000 - 0x00007ffd21e5a000 	C:\Windows\System32\rasadhlp.dll
0x00007ffd22620000 - 0x00007ffd226a3000 	C:\Windows\System32\fwpuclnt.dll
0x00007ffd2c640000 - 0x00007ffd2c65b000 	C:\Windows\SYSTEM32\CRYPTSP.dll
0x00007ffd2bea0000 - 0x00007ffd2bed5000 	C:\Windows\system32\rsaenh.dll
0x00007ffd2c4d0000 - 0x00007ffd2c4fc000 	C:\Windows\SYSTEM32\USERENV.dll
0x00007ffd2c630000 - 0x00007ffd2c63c000 	C:\Windows\SYSTEM32\CRYPTBASE.dll
0x00007ffd23df0000 - 0x00007ffd23e09000 	C:\Windows\SYSTEM32\dhcpcsvc6.DLL
0x00007ffd23db0000 - 0x00007ffd23dcf000 	C:\Windows\SYSTEM32\dhcpcsvc.DLL
0x00007ffcf8c90000 - 0x00007ffcf8ca0000 	C:\Program Files\Java\jdk-17\bin\verify.dll
0x00007ffcf7450000 - 0x00007ffcf745e000 	C:\Program Files\Java\jdk-17\bin\sunmscapi.dll
0x00007ffd2ce30000 - 0x00007ffd2cf96000 	C:\Windows\System32\CRYPT32.dll
0x00007ffd2c7d0000 - 0x00007ffd2c7fe000 	C:\Windows\SYSTEM32\ncrypt.dll
0x00007ffd2c790000 - 0x00007ffd2c7c7000 	C:\Windows\SYSTEM32\NTASN1.dll
0x00007ffc8d2b0000 - 0x00007ffc8d2ca000 	C:\HADOOP\bin\hadoop.dll
0x00007ffd2ba90000 - 0x00007ffd2bae0000 	C:\Windows\SYSTEM32\AUTHZ.dll
0x00007ffcfae40000 - 0x00007ffcfae59000 	C:\Windows\SYSTEM32\NETAPI32.dll
0x0000000063890000 - 0x0000000063962000 	C:\Windows\SYSTEM32\MSVCR100.dll
0x00007ffd2b8a0000 - 0x00007ffd2b8ac000 	C:\Windows\SYSTEM32\NETUTILS.DLL
0x00007ffd190a0000 - 0x00007ffd190b9000 	C:\Windows\SYSTEM32\SAMCLI.DLL
0x00007ffcd86d0000 - 0x00007ffcd86d9000 	C:\Program Files\Java\jdk-17\bin\jaas.dll
0x00007ffd0fbf0000 - 0x00007ffd0fbf8000 	C:\Windows\system32\wshunix.dll
0x00007ffd2bf60000 - 0x00007ffd2bf94000 	C:\Windows\SYSTEM32\ntmarta.dll
0x0000000066f40000 - 0x0000000066fc4000 	C:\Users\YASH\AppData\Local\Temp\liblz4-java-17545944419486993082.so

dbghelp: loaded successfully - version: 4.0.5 - missing functions: none
symbol engine: initialized successfully - sym options: 0x614 - pdb path: .;C:\Program Files\Java\jdk-17\bin;C:\Windows\SYSTEM32;C:\Windows\WinSxS\amd64_microsoft.windows.common-controls_6595b64144ccf1df_6.0.22621.2506_none_270c5ae97388e100;C:\Program Files\Java\jdk-17\bin\server;C:\HADOOP\bin;C:\Users\YASH\AppData\Local\Temp

VM Arguments:
jvm_args: -Xmx1g -XX:+IgnoreUnrecognizedVMOptions --add-opens=java.base/java.lang=ALL-UNNAMED --add-opens=java.base/java.lang.invoke=ALL-UNNAMED --add-opens=java.base/java.lang.reflect=ALL-UNNAMED --add-opens=java.base/java.io=ALL-UNNAMED --add-opens=java.base/java.net=ALL-UNNAMED --add-opens=java.base/java.nio=ALL-UNNAMED --add-opens=java.base/java.util=ALL-UNNAMED --add-opens=java.base/java.util.concurrent=ALL-UNNAMED --add-opens=java.base/java.util.concurrent.atomic=ALL-UNNAMED --add-opens=java.base/sun.nio.ch=ALL-UNNAMED --add-opens=java.base/sun.nio.cs=ALL-UNNAMED --add-opens=java.base/sun.security.action=ALL-UNNAMED --add-opens=java.base/sun.util.calendar=ALL-UNNAMED --add-opens=java.security.jgss/sun.security.krb5=ALL-UNNAMED -Djdk.reflect.useDirectMethodHandle=false 
java_command: org.apache.spark.deploy.SparkSubmit --conf spark.app.name=KafkaToMongoDB --packages org.apache.spark:spark-sql-kafka-0-10_2.12:3.4.0,org.mongodb.spark:mongo-spark-connector_2.12:10.2.1 pyspark-shell
java_class_path (initial): C:\spark-3.4.0-bin-hadoop3\bin\..\conf\;C:\spark-3.4.0-bin-hadoop3\jars\activation-1.1.1.jar;C:\spark-3.4.0-bin-hadoop3\jars\aircompressor-0.21.jar;C:\spark-3.4.0-bin-hadoop3\jars\algebra_2.12-2.0.1.jar;C:\spark-3.4.0-bin-hadoop3\jars\annotations-17.0.0.jar;C:\spark-3.4.0-bin-hadoop3\jars\antlr-runtime-3.5.2.jar;C:\spark-3.4.0-bin-hadoop3\jars\antlr4-runtime-4.9.3.jar;C:\spark-3.4.0-bin-hadoop3\jars\aopalliance-repackaged-2.6.1.jar;C:\spark-3.4.0-bin-hadoop3\jars\arpack-3.0.3.jar;C:\spark-3.4.0-bin-hadoop3\jars\arpack_combined_all-0.1.jar;C:\spark-3.4.0-bin-hadoop3\jars\arrow-format-11.0.0.jar;C:\spark-3.4.0-bin-hadoop3\jars\arrow-memory-core-11.0.0.jar;C:\spark-3.4.0-bin-hadoop3\jars\arrow-memory-netty-11.0.0.jar;C:\spark-3.4.0-bin-hadoop3\jars\arrow-vector-11.0.0.jar;C:\spark-3.4.0-bin-hadoop3\jars\audience-annotations-0.5.0.jar;C:\spark-3.4.0-bin-hadoop3\jars\avro-1.11.1.jar;C:\spark-3.4.0-bin-hadoop3\jars\avro-ipc-1.11.1.jar;C:\spark-3.4.0-bin-hadoop3\jars\avro-mapred-1.11.1.jar;C:\spark-3.4.0-bin-hadoop3\jars\blas-3.0.3.jar;C:\spark-3.4.0-bin-hadoop3\jars\bonecp-0.8.0.RELEASE.jar;C:\spark-3.4.0-bin-hadoop3\jars\breeze-macros_2.12-2.1.0.jar;C:\spark-3.4.0-bin-hadoop3\jars\breeze_2.12-2.1.0.jar;C:\spark-3.4.0-bin-hadoop3\jars\cats-kernel_2.12-2.1.1.jar;C:\spark-3.4.0-bin-hadoop3\jars\chill-java-0.10.0.jar;C:\spark-3.4.0-bin-hadoop3\jars\chill_2.12-0.10.0.jar;C:\spark-3.4.0-bin-hadoop3\jars\commons-cli-1.5.0.jar;C:\spark-3.4.0-bin-hadoop3\jars\commons-codec-1.15.jar;C:\spark-3.4.0-bin-hadoop3\jars\commons-collections-3.2.2.jar;C:\spark-3.4.0-bin-hadoop3\jars\commons-collections4-4.4.jar;C:\spark-3.4.0-bin-hadoop3\jars\commons-compiler-3.1.9.jar;C:\spark-3.4.0-bin-hadoop3\jars\commons-compress-1.22.jar;C:\spark-3.4.0-bin-hadoop3\jars\commons-crypto-1.1.0.jar;C:\spark-3.4.0-bin-hadoop3\jars\commons-dbcp-1.4.jar;C:\spark-3.4.0-bin-hadoop3\jars\commons-io-2.11.0.jar;C:\spark-3.4.0-bin-hadoop3\jars\commons-lang-2.6.jar;C:\spark-3.4.0-bin-ha
Launcher Type: SUN_STANDARD

[Global flags]
     intx CICompilerCount                          = 4                                         {product} {ergonomic}
     uint ConcGCThreads                            = 3                                         {product} {ergonomic}
     uint G1ConcRefinementThreads                  = 10                                        {product} {ergonomic}
   size_t G1HeapRegionSize                         = 1048576                                   {product} {ergonomic}
    uintx GCDrainStackTargetSize                   = 64                                        {product} {ergonomic}
     bool IgnoreUnrecognizedVMOptions              = true                                      {product} {command line}
   size_t InitialHeapSize                          = 130023424                                 {product} {ergonomic}
   size_t MarkStackSize                            = 4194304                                   {product} {ergonomic}
   size_t MaxHeapSize                              = 1073741824                                {product} {command line}
   size_t MaxNewSize                               = 643825664                                 {product} {ergonomic}
   size_t MinHeapDeltaBytes                        = 1048576                                   {product} {ergonomic}
   size_t MinHeapSize                              = 8388608                                   {product} {ergonomic}
    uintx NonNMethodCodeHeapSize                   = 5839372                                {pd product} {ergonomic}
    uintx NonProfiledCodeHeapSize                  = 122909434                              {pd product} {ergonomic}
    uintx ProfiledCodeHeapSize                     = 122909434                              {pd product} {ergonomic}
    uintx ReservedCodeCacheSize                    = 251658240                              {pd product} {ergonomic}
     bool SegmentedCodeCache                       = true                                      {product} {ergonomic}
   size_t SoftMaxHeapSize                          = 1073741824                             {manageable} {ergonomic}
     bool UseCompressedClassPointers               = true                           {product lp64_product} {ergonomic}
     bool UseCompressedOops                        = true                           {product lp64_product} {ergonomic}
     bool UseG1GC                                  = true                                      {product} {ergonomic}
     bool UseLargePagesIndividualAllocation        = false                                  {pd product} {ergonomic}

Logging:
Log output configuration:
 #0: stdout all=warning uptime,level,tags
 #1: stderr all=off uptime,level,tags

Environment Variables:
JAVA_HOME=C:\Program Files\Java\jdk-17
PATH=C:\Program Files\Common Files\Oracle\Java\javapath;C:\spark-3.4.0-bin-hadoop3\bin;C:\oraclexe\app\oracle\product\10.2.0\server\bin;C:\setupfiles\mongosh-2.1.0-win32-x64\mongosh-2.1.0-win32-x64\bin;C:\setupfiles\mongodb-database-tools-windows-x86_64-100.9.3\mongodb-database-tools-windows-x86_64-100.9.3\bin;C:\Windows\system32;C:\Windows;C:\Windows\System32\Wbem;C:\Windows\System32\WindowsPowerShell\v1.0\;C:\Windows\System32\OpenSSH\;C:\Program Files (x86)\NVIDIA Corporation\PhysX\Common;C:\Program Files\NVIDIA Corporation\NVIDIA NvDLISR;C:\Program Files\dotnet\;C:\Program Files\PuTTY\;C:\Program Files\Git\cmd;C:\spark-3.4.0-bin-hadoop3\sbin;C:\kafka_2.12-3.5.0\bin\windows;C:\Users\YASH\AppData\Local\Programs\Python\Python310\Scripts\;C:\Users\YASH\AppData\Local\Programs\Python\Python310\;C:\Program Files\Java\jdk-17\bin;C:\Users\YASH\AppData\Local\Microsoft\WindowsApps;C:\Users\YASH\AppData\Local\Programs\Microsoft VS Code\bin;C:\Users\YASH\AppData\Local\GitHubDesktop\bin;C:\HADOOP\bin;C:\spark-3.4.0-bin-hadoop3\bin;C:\Program Files\JetBrains\PyCharm Community Edition 2023.3.3\bin;;
USERNAME=YASH
OS=Windows_NT
PROCESSOR_IDENTIFIER=Intel64 Family 6 Model 141 Stepping 1, GenuineIntel



---------------  S Y S T E M  ---------------

OS:
 Windows 11 , 64 bit Build 22621 (10.0.22621.3085)
OS uptime: 0 days 21:45 hours
Hyper-V role detected

CPU: total 12 (initial active 12) (6 cores per cpu, 2 threads per core) family 6 model 141 stepping 1 microcode 0x34, cx8, cmov, fxsr, ht, mmx, 3dnowpref, sse, sse2, sse3, ssse3, sse4.1, sse4.2, popcnt, lzcnt, tsc, tscinvbit, avx, avx2, aes, erms, clmul, bmi1, bmi2, adx, avx512f, avx512dq, avx512cd, avx512bw, avx512vl, sha, fma, vzeroupper, avx512_vpopcntdq, avx512_vpclmulqdq, avx512_vaes, avx512_vnni, clflush, clflushopt, clwb, avx512_vbmi2, avx512_vbmi, hv

Memory: 4k page, system-wide physical 7929M (9M free)
TotalPageFile size 32505M (AvailPageFile size 0M)
current process WorkingSet (physical memory assigned to process): 44M, peak: 498M
current process commit charge ("private bytes"): 552M, peak: 572M

vm_info: Java HotSpot(TM) 64-Bit Server VM (17.0.10+11-LTS-240) for windows-amd64 JRE (17.0.10+11-LTS-240), built on Dec 19 2023 21:47:25 by "mach5one" with MS VC++ 17.1 (VS2022)

END.
